{
  "stats": {
    "suites": 1,
    "tests": 6,
    "passes": 5,
    "pending": 0,
    "failures": 1,
    "start": "2025-10-25T05:21:40.875Z",
    "end": "2025-10-25T05:21:49.413Z",
    "duration": 8538,
    "testsRegistered": 6,
    "passPercent": 83.33333333333334,
    "pendingPercent": 0,
    "other": 0,
    "hasOther": false,
    "skipped": 0,
    "hasSkipped": false
  },
  "results": [
    {
      "uuid": "b95b13fa-2b1c-4f8f-8b46-d6845e59f884",
      "title": "",
      "fullFile": "cypress/e2e/login.cy.ts",
      "file": "cypress/e2e/login.cy.ts",
      "beforeHooks": [],
      "afterHooks": [],
      "tests": [],
      "suites": [
        {
          "uuid": "cc9b6da9-53a8-4d84-8e80-75f3c5dadf1e",
          "title": "Login test cases",
          "fullFile": "",
          "file": "",
          "beforeHooks": [],
          "afterHooks": [],
          "tests": [
            {
              "title": "Verify Login page",
              "fullTitle": "Login test cases Verify Login page",
              "timedOut": null,
              "duration": 4446,
              "state": "failed",
              "speed": null,
              "pass": false,
              "fail": true,
              "pending": false,
              "context": "[\n  {\n    \"title\": \"cypress-mochawesome-reporter-videos-failed\",\n    \"value\": \"cypress/e2e/login.cy.ts\"\n  },\n  {\n    \"title\": \"cypress-mochawesome-reporter-screenshots\",\n    \"value\": [\n      [\n        \"/login.cy.ts/Login test cases -- Verify Login page (failed).png\"\n      ]\n    ]\n  }\n]",
              "code": "// Verify Logo\nloginPage.verifyCompanyLogo();\n// Verify Login Text header\nloginPage.verifyLoginTextHeader('Login');\n// Verify Username label\nloginPage.verifyUsernameLabel('Username');\n// Verify Username textbox\nloginPage.verifyUsernameTextbox(false);\n// Verify Password label\nloginPage.verifyPasswordLabel('Password');\n// Verify Password textbox\nloginPage.verifyPasswordTextbox(false);\n// Verify Login button\nloginPage.verifyLoginButton(\"Login\");",
              "err": {
                "message": "AssertionError: Timed out retrying after 4000ms: expected '<input.oxd-input.oxd-input--focus>' to have CSS property 'border-color' with the value 'rgb(232, 234, 239)', but the value was 'rgb(146, 155, 170)'",
                "estack": "AssertionError: Timed out retrying after 4000ms: expected '<input.oxd-input.oxd-input--focus>' to have CSS property 'border-color' with the value 'rgb(232, 234, 239)', but the value was 'rgb(146, 155, 170)'\n    at LoginPage.verifyUsernameTextbox (webpack://project02_cypresswithtypescript/./cypress/pageObjects/login_page.ts:63:17)\n    at Context.eval (webpack://project02_cypresswithtypescript/./cypress/e2e/login.cy.ts:22:14)",
                "diff": "- 'rgb(146, 155, 170)'\n+ 'rgb(232, 234, 239)'\n"
              },
              "uuid": "ed7215bc-663b-427c-a5bb-7c5311f4838e",
              "parentUUID": "cc9b6da9-53a8-4d84-8e80-75f3c5dadf1e",
              "isHook": false,
              "skipped": false
            },
            {
              "title": "Login Fail with Username and Password are null",
              "fullTitle": "Login test cases Login Fail with Username and Password are null",
              "timedOut": null,
              "duration": 268,
              "state": "passed",
              "speed": "fast",
              "pass": true,
              "fail": false,
              "pending": false,
              "context": "{\n  \"title\": \"cypress-mochawesome-reporter-videos-passed\",\n  \"value\": \"cypress/e2e/login.cy.ts\"\n}",
              "code": "loginPage.clickLoginButton();\nloginPage.verifyLoginPage();\n// Verify Username textbox\nloginPage.verifyUsernameTextbox(true);\nloginPage.verifyInputErrorMessageOfUsername('Required', true);\n// Verify Password textbox\nloginPage.verifyPasswordTextbox(true);\nloginPage.verifyInputErrorMessageOfPassword('Required', true);",
              "err": {},
              "uuid": "e0414681-e103-418e-8060-678e301f0c77",
              "parentUUID": "cc9b6da9-53a8-4d84-8e80-75f3c5dadf1e",
              "isHook": false,
              "skipped": false
            },
            {
              "title": "Login Fail with Password are null",
              "fullTitle": "Login test cases Login Fail with Password are null",
              "timedOut": null,
              "duration": 521,
              "state": "passed",
              "speed": "fast",
              "pass": true,
              "fail": false,
              "pending": false,
              "context": "{\n  \"title\": \"cypress-mochawesome-reporter-videos-passed\",\n  \"value\": \"cypress/e2e/login.cy.ts\"\n}",
              "code": "cy.fixture('users').then((users) => {\n    loginPage.enterUsername(users.admin.username);\n});\nloginPage.clickLoginButton();\nloginPage.verifyLoginPage();\n// Verify Username textbox\nloginPage.verifyUsernameTextbox(false);\n// cy.get(':nth-child(2) > .oxd-input-group > .oxd-text').should('not.exist')\nloginPage.verifyInputErrorMessageOfUsername('Required', false);\n// Veirify Password textbox\nloginPage.verifyPasswordTextbox(true);\nloginPage.verifyInputErrorMessageOfPassword('Required', true);",
              "err": {},
              "uuid": "c3a5f1e0-9877-4347-9dad-cf8a7b54e74d",
              "parentUUID": "cc9b6da9-53a8-4d84-8e80-75f3c5dadf1e",
              "isHook": false,
              "skipped": false
            },
            {
              "title": "Login Fail with Username are null",
              "fullTitle": "Login test cases Login Fail with Username are null",
              "timedOut": null,
              "duration": 547,
              "state": "passed",
              "speed": "fast",
              "pass": true,
              "fail": false,
              "pending": false,
              "context": "{\n  \"title\": \"cypress-mochawesome-reporter-videos-passed\",\n  \"value\": \"cypress/e2e/login.cy.ts\"\n}",
              "code": "cy.fixture('users').then((users) => {\n    loginPage.enterPassword(users.admin.password);\n});\nloginPage.clickLoginButton();\nloginPage.verifyLoginPage();\n// Verify Username textbox\nloginPage.verifyUsernameTextbox(true);\nloginPage.verifyInputErrorMessageOfUsername('Required', true);\n// Veirify Password textbox\nloginPage.verifyPasswordTextbox(false);\n// cy.get(':nth-child(3) > .oxd-input-group > .oxd-text').should('not.exist')\nloginPage.verifyInputErrorMessageOfPassword('Required', false);",
              "err": {},
              "uuid": "48e6ceb4-9ac9-4971-bb68-0274c1b65acb",
              "parentUUID": "cc9b6da9-53a8-4d84-8e80-75f3c5dadf1e",
              "isHook": false,
              "skipped": false
            },
            {
              "title": "Login Fail with Username and Password are invalid ",
              "fullTitle": "Login test cases Login Fail with Username and Password are invalid ",
              "timedOut": null,
              "duration": 822,
              "state": "passed",
              "speed": "fast",
              "pass": true,
              "fail": false,
              "pending": false,
              "context": "{\n  \"title\": \"cypress-mochawesome-reporter-videos-passed\",\n  \"value\": \"cypress/e2e/login.cy.ts\"\n}",
              "code": "loginPage.enterUsername('abc');\nloginPage.enterPassword('abc123');\nloginPage.clickLoginButton();\nloginPage.verifyLoginPage();\n// Verify error message\nloginPage.verifyInvalidCredentialsMessage();",
              "err": {},
              "uuid": "7750d223-1afc-4de1-b8e1-036c8de3bd96",
              "parentUUID": "cc9b6da9-53a8-4d84-8e80-75f3c5dadf1e",
              "isHook": false,
              "skipped": false
            },
            {
              "title": "Login Success",
              "fullTitle": "Login test cases Login Success",
              "timedOut": null,
              "duration": 1224,
              "state": "passed",
              "speed": "fast",
              "pass": true,
              "fail": false,
              "pending": false,
              "context": "{\n  \"title\": \"cypress-mochawesome-reporter-videos-passed\",\n  \"value\": \"cypress/e2e/login.cy.ts\"\n}",
              "code": "cy.fixture('users').then((users) => {\n    loginPage.enterUsername(users.admin.username);\n    loginPage.enterPassword(users.admin.password);\n});\nloginPage.clickLoginButton();\ncy.url().should('include', '/dashboard');",
              "err": {},
              "uuid": "7dd0133f-dbef-4993-b821-c71aea3e548b",
              "parentUUID": "cc9b6da9-53a8-4d84-8e80-75f3c5dadf1e",
              "isHook": false,
              "skipped": false
            }
          ],
          "suites": [],
          "passes": [
            "e0414681-e103-418e-8060-678e301f0c77",
            "c3a5f1e0-9877-4347-9dad-cf8a7b54e74d",
            "48e6ceb4-9ac9-4971-bb68-0274c1b65acb",
            "7750d223-1afc-4de1-b8e1-036c8de3bd96",
            "7dd0133f-dbef-4993-b821-c71aea3e548b"
          ],
          "failures": [
            "ed7215bc-663b-427c-a5bb-7c5311f4838e"
          ],
          "pending": [],
          "skipped": [],
          "duration": 7828,
          "root": false,
          "rootEmpty": false,
          "_timeout": 2000
        }
      ],
      "passes": [],
      "failures": [],
      "pending": [],
      "skipped": [],
      "duration": 0,
      "root": true,
      "rootEmpty": true,
      "_timeout": 2000
    }
  ],
  "meta": {
    "mocha": {
      "version": "7.2.0"
    },
    "mochawesome": {
      "options": {
        "quiet": false,
        "reportFilename": "mochawesome",
        "saveHtml": false,
        "saveJson": true,
        "consoleReporter": "spec",
        "useInlineDiffs": false,
        "code": true
      },
      "version": "7.1.4"
    },
    "marge": {
      "options": {
        "reportDir": "cypress/reports/report_2025-10-25T05-21-00-296Z/.jsons",
        "overwrite": false,
        "html": false,
        "json": true,
        "embeddedScreenshots": true,
        "inlineAssets": true
      },
      "version": "6.3.0"
    }
  }
}