{
  "stats": {
    "suites": 1,
    "tests": 2,
    "passes": 2,
    "pending": 0,
    "failures": 0,
    "start": "2025-10-25T05:13:02.263Z",
    "end": "2025-10-25T05:13:08.245Z",
    "duration": 5982,
    "testsRegistered": 2,
    "passPercent": 100,
    "pendingPercent": 0,
    "other": 0,
    "hasOther": false,
    "skipped": 0,
    "hasSkipped": false
  },
  "results": [
    {
      "uuid": "3ec1a595-7313-4791-b792-2f32c31f65df",
      "title": "",
      "fullFile": "cypress/e2e/demo_uploadFile.cy.ts",
      "file": "cypress/e2e/demo_uploadFile.cy.ts",
      "beforeHooks": [],
      "afterHooks": [],
      "tests": [],
      "suites": [
        {
          "uuid": "394f8e16-46eb-4dc4-866d-b5548d9d5a7a",
          "title": "Upload file demo",
          "fullFile": "",
          "file": "",
          "beforeHooks": [],
          "afterHooks": [],
          "tests": [
            {
              "title": "Upload single file",
              "fullTitle": "Upload file demo Upload single file",
              "timedOut": null,
              "duration": 1936,
              "state": "passed",
              "speed": "fast",
              "pass": true,
              "fail": false,
              "pending": false,
              "context": "{\n  \"title\": \"cypress-mochawesome-reporter-videos-passed\",\n  \"value\": \"cypress/e2e/demo_uploadFile.cy.ts\"\n}",
              "code": "// Access website\ncy.visit('https://filebin.net/');\n// Upload file\ncy.get('#fileField').attachFile(uploadFile1);\n// Verify files are uploaded successfully\ncy.contains(uploadFile1).should('be.visible');",
              "err": {},
              "uuid": "ecd131fb-8168-4d36-9a62-2097970fb36d",
              "parentUUID": "394f8e16-46eb-4dc4-866d-b5548d9d5a7a",
              "isHook": false,
              "skipped": false
            },
            {
              "title": "Upload multiple files",
              "fullTitle": "Upload file demo Upload multiple files",
              "timedOut": null,
              "duration": 817,
              "state": "passed",
              "speed": "fast",
              "pass": true,
              "fail": false,
              "pending": false,
              "context": "{\n  \"title\": \"cypress-mochawesome-reporter-videos-passed\",\n  \"value\": \"cypress/e2e/demo_uploadFile.cy.ts\"\n}",
              "code": "// Access website\ncy.visit('https://filebin.net/');\n// Upload file\ncy.get('#fileField').attachFile([uploadFile2, uploadFile3]);\n// Verify files are uploaded successfully\ncy.contains(uploadFile2).should('be.visible');\ncy.contains(uploadFile3).should('be.visible');",
              "err": {},
              "uuid": "0be009f9-bb8b-4086-b4ad-ebb6b0ac164e",
              "parentUUID": "394f8e16-46eb-4dc4-866d-b5548d9d5a7a",
              "isHook": false,
              "skipped": false
            }
          ],
          "suites": [],
          "passes": [
            "ecd131fb-8168-4d36-9a62-2097970fb36d",
            "0be009f9-bb8b-4086-b4ad-ebb6b0ac164e"
          ],
          "failures": [],
          "pending": [],
          "skipped": [],
          "duration": 2753,
          "root": false,
          "rootEmpty": false,
          "_timeout": 2000
        }
      ],
      "passes": [],
      "failures": [],
      "pending": [],
      "skipped": [],
      "duration": 0,
      "root": true,
      "rootEmpty": true,
      "_timeout": 2000
    }
  ],
  "meta": {
    "mocha": {
      "version": "7.2.0"
    },
    "mochawesome": {
      "options": {
        "quiet": false,
        "reportFilename": "mochawesome",
        "saveHtml": false,
        "saveJson": true,
        "consoleReporter": "spec",
        "useInlineDiffs": false,
        "code": true
      },
      "version": "7.1.4"
    },
    "marge": {
      "options": {
        "reportDir": "cypress/reports/report_2025-10-25T05-12-26-072Z/.jsons",
        "overwrite": false,
        "html": false,
        "json": true,
        "embeddedScreenshots": true,
        "inlineAssets": true
      },
      "version": "6.3.0"
    }
  }
}