{
  "stats": {
    "suites": 1,
    "tests": 6,
    "passes": 6,
    "pending": 0,
    "failures": 0,
    "start": "2025-10-25T05:12:29.320Z",
    "end": "2025-10-25T05:12:37.288Z",
    "duration": 7968,
    "testsRegistered": 6,
    "passPercent": 100,
    "pendingPercent": 0,
    "other": 0,
    "hasOther": false,
    "skipped": 0,
    "hasSkipped": false
  },
  "results": [
    {
      "uuid": "44bc7e9d-0d49-451a-926e-08ec6ed28f67",
      "title": "",
      "fullFile": "cypress/e2e/OrangeHRM.cy.ts",
      "file": "cypress/e2e/OrangeHRM.cy.ts",
      "beforeHooks": [],
      "afterHooks": [],
      "tests": [],
      "suites": [
        {
          "uuid": "fbd3f8a5-4efe-4156-99c2-ac33ec334cfe",
          "title": "Test Suite - Authentication",
          "fullFile": "",
          "file": "",
          "beforeHooks": [],
          "afterHooks": [],
          "tests": [
            {
              "title": "Verify Login page",
              "fullTitle": "Test Suite - Authentication Verify Login page",
              "timedOut": null,
              "duration": 811,
              "state": "passed",
              "speed": "fast",
              "pass": true,
              "fail": false,
              "pending": false,
              "context": "{\n  \"title\": \"cypress-mochawesome-reporter-videos-passed\",\n  \"value\": \"cypress/e2e/OrangeHRM.cy.ts\"\n}",
              "code": "cy.visit('https://opensource-demo.orangehrmlive.com/web/index.php/auth/login');\n// Verify Logo\ncy.get('.orangehrm-login-branding').should('be.visible')\n    .and('have.css', 'width', '384px')\n    .and('have.css', 'max-width', '520px')\n    .and('have.css', 'background-color', 'rgb(255, 255, 255)')\n    .and('have.css', 'text-align', 'center');\n// Verify Login header\ncy.get('.oxd-text--h5').should('have.text', 'Login')\n    .and('have.css', 'text-align', 'center')\n    .and('have.css', 'font-weight', '800');\n// Verify Username label\ncy.get(':nth-child(2) > .oxd-input-group > .oxd-input-group__label-wrapper > .oxd-label')\n    .should('have.text', 'Username')\n    .and('have.css', 'font-weight', '600')\n    .and('have.css', 'font-size', '12px')\n    .and('have.css', 'color', 'rgb(100, 114, 140)');\n// Verify Username textbox\ncy.get('[name=\"username\"]').should('be.visible')\n    .and('have.attr', 'placeholder', 'Username');\n// Verify Password label\ncy.get(':nth-child(3) > .oxd-input-group > .oxd-input-group__label-wrapper > .oxd-label')\n    .should('have.text', 'Password')\n    .and('have.css', 'font-weight', '600')\n    .and('have.css', 'font-size', '12px')\n    .and('have.css', 'color', 'rgb(100, 114, 140)');\n// Verify Password textbox\ncy.get('[name=\"password\"]').should('be.visible')\n    .and('have.attr', 'placeholder', 'Password');\n// Verify Login button\ncy.get('.oxd-button').should('be.enabled')\n    .and('contain', 'Login')\n    .and('have.css', 'color', 'rgb(255, 255, 255)')\n    .and('have.css', 'background-color', 'rgb(255, 123, 29)');",
              "err": {},
              "uuid": "cea5d731-57a0-42e5-83d2-09679a26d61f",
              "parentUUID": "fbd3f8a5-4efe-4156-99c2-ac33ec334cfe",
              "isHook": false,
              "skipped": false
            },
            {
              "title": "Login Fail with Username and Password are null",
              "fullTitle": "Test Suite - Authentication Login Fail with Username and Password are null",
              "timedOut": null,
              "duration": 688,
              "state": "passed",
              "speed": "fast",
              "pass": true,
              "fail": false,
              "pending": false,
              "context": "{\n  \"title\": \"cypress-mochawesome-reporter-videos-passed\",\n  \"value\": \"cypress/e2e/OrangeHRM.cy.ts\"\n}",
              "code": "cy.visit('https://opensource-demo.orangehrmlive.com/web/index.php/auth/login');\ncy.get('button[type=\"submit\"]').click();\ncy.url().should('include', '/login');\n// Verify Username textbox\ncy.get('[name=\"username\"]').should('have.css', 'border-color', 'rgb(235, 9, 16)');\ncy.get(':nth-child(2) > .oxd-input-group > .oxd-text').should('have.text', 'Required')\n    .and('have.css', 'color', 'rgb(235, 9, 16)')\n    .and('have.css', 'font-size', '12px');\n// Verify Password textbox\ncy.get('[name=\"password\"]').should('have.css', 'border-color', 'rgb(235, 9, 16)');\ncy.get(':nth-child(3) > .oxd-input-group > .oxd-text').should('have.text', 'Required')\n    .and('have.css', 'color', 'rgb(235, 9, 16)')\n    .and('have.css', 'font-size', '12px');",
              "err": {},
              "uuid": "dee5c45e-769c-446d-a1b9-937d1e1c25d4",
              "parentUUID": "fbd3f8a5-4efe-4156-99c2-ac33ec334cfe",
              "isHook": false,
              "skipped": false
            },
            {
              "title": "Login Fail with Password are null",
              "fullTitle": "Test Suite - Authentication Login Fail with Password are null",
              "timedOut": null,
              "duration": 592,
              "state": "passed",
              "speed": "fast",
              "pass": true,
              "fail": false,
              "pending": false,
              "context": "{\n  \"title\": \"cypress-mochawesome-reporter-videos-passed\",\n  \"value\": \"cypress/e2e/OrangeHRM.cy.ts\"\n}",
              "code": "cy.visit('https://opensource-demo.orangehrmlive.com/web/index.php/auth/login');\ncy.get('[name=\"username\"]').type('Admin');\ncy.get('button[type=\"submit\"]').click();\ncy.url().should('include', '/login');\n// Verify Username textbox\ncy.get('[name=\"username\"]').should('have.css', 'border-color', 'rgb(232, 234, 239)');\ncy.get(':nth-child(2) > .oxd-input-group > .oxd-text').should('not.exist');\n// Veirify Password textbox\ncy.get('[name=\"password\"]').should('have.css', 'border-color', 'rgb(235, 9, 16)');\ncy.get(':nth-child(3) > .oxd-input-group > .oxd-text').should('have.text', 'Required')\n    .and('have.css', 'color', 'rgb(235, 9, 16)')\n    .and('have.css', 'font-size', '12px');",
              "err": {},
              "uuid": "972003d9-bdf4-4a97-a709-eb12745e88f8",
              "parentUUID": "fbd3f8a5-4efe-4156-99c2-ac33ec334cfe",
              "isHook": false,
              "skipped": false
            },
            {
              "title": "Login Fail with Username are null",
              "fullTitle": "Test Suite - Authentication Login Fail with Username are null",
              "timedOut": null,
              "duration": 783,
              "state": "passed",
              "speed": "fast",
              "pass": true,
              "fail": false,
              "pending": false,
              "context": "{\n  \"title\": \"cypress-mochawesome-reporter-videos-passed\",\n  \"value\": \"cypress/e2e/OrangeHRM.cy.ts\"\n}",
              "code": "cy.visit('https://opensource-demo.orangehrmlive.com/web/index.php/auth/login');\ncy.get('[name=\"password\"]').type('admin123');\ncy.get('button[type=\"submit\"]').click();\ncy.url().should('include', '/login');\n// Verify Username textbox\ncy.get('[name=\"username\"]').should('have.css', 'border-color', 'rgb(235, 9, 16)');\ncy.get(':nth-child(2) > .oxd-input-group > .oxd-text').should('have.text', 'Required')\n    .and('have.css', 'color', 'rgb(235, 9, 16)')\n    .and('have.css', 'font-size', '12px');\n// Veirify Password textbox\ncy.get('[name=\"password\"]').should('have.css', 'border-color', 'rgb(232, 234, 239)');\ncy.get(':nth-child(3) > .oxd-input-group > .oxd-text').should('not.exist');",
              "err": {},
              "uuid": "3826c433-2cf5-4d67-8fc7-f440dbf08b42",
              "parentUUID": "fbd3f8a5-4efe-4156-99c2-ac33ec334cfe",
              "isHook": false,
              "skipped": false
            },
            {
              "title": "Login Fail with Username and Password are invalid ",
              "fullTitle": "Test Suite - Authentication Login Fail with Username and Password are invalid ",
              "timedOut": null,
              "duration": 1251,
              "state": "passed",
              "speed": "fast",
              "pass": true,
              "fail": false,
              "pending": false,
              "context": "{\n  \"title\": \"cypress-mochawesome-reporter-videos-passed\",\n  \"value\": \"cypress/e2e/OrangeHRM.cy.ts\"\n}",
              "code": "cy.visit('https://opensource-demo.orangehrmlive.com/web/index.php/auth/login');\ncy.get('[name=\"username\"]').type('abc');\ncy.get('[name=\"password\"]').type('abc123');\ncy.get('button[type=\"submit\"]').click();\ncy.url().should('include', '/login');\n// Verify error message\ncy.get('.oxd-alert-content-text').should('have.text', 'Invalid credentials')\n    .and('have.css', 'color', 'rgb(235, 9, 16)')\n    .and('have.css', 'font-size', '14px');",
              "err": {},
              "uuid": "1d8eb919-a1a6-490d-98c9-cf222141fb42",
              "parentUUID": "fbd3f8a5-4efe-4156-99c2-ac33ec334cfe",
              "isHook": false,
              "skipped": false
            },
            {
              "title": "Login Success",
              "fullTitle": "Test Suite - Authentication Login Success",
              "timedOut": null,
              "duration": 2865,
              "state": "passed",
              "speed": "fast",
              "pass": true,
              "fail": false,
              "pending": false,
              "context": "{\n  \"title\": \"cypress-mochawesome-reporter-videos-passed\",\n  \"value\": \"cypress/e2e/OrangeHRM.cy.ts\"\n}",
              "code": "cy.visit('https://opensource-demo.orangehrmlive.com/web/index.php/auth/login');\ncy.get('[name=\"username\"]').type('Admin');\ncy.get('[name=\"password\"]').type('admin123');\ncy.get('button[type=\"submit\"]').click();\ncy.url().should('include', '/dashboard');\ncy.contains('PIM').click();\ncy.url().should('include', '/pim');\ncy.get(':nth-child(2) > .oxd-input').type('76803');\ncy.get('.oxd-form-actions > .oxd-button--secondary').click();",
              "err": {},
              "uuid": "3df9aca8-046e-4fc3-b874-d284d79ea6de",
              "parentUUID": "fbd3f8a5-4efe-4156-99c2-ac33ec334cfe",
              "isHook": false,
              "skipped": false
            }
          ],
          "suites": [],
          "passes": [
            "cea5d731-57a0-42e5-83d2-09679a26d61f",
            "dee5c45e-769c-446d-a1b9-937d1e1c25d4",
            "972003d9-bdf4-4a97-a709-eb12745e88f8",
            "3826c433-2cf5-4d67-8fc7-f440dbf08b42",
            "1d8eb919-a1a6-490d-98c9-cf222141fb42",
            "3df9aca8-046e-4fc3-b874-d284d79ea6de"
          ],
          "failures": [],
          "pending": [],
          "skipped": [],
          "duration": 6990,
          "root": false,
          "rootEmpty": false,
          "_timeout": 2000
        }
      ],
      "passes": [],
      "failures": [],
      "pending": [],
      "skipped": [],
      "duration": 0,
      "root": true,
      "rootEmpty": true,
      "_timeout": 2000
    }
  ],
  "meta": {
    "mocha": {
      "version": "7.2.0"
    },
    "mochawesome": {
      "options": {
        "quiet": false,
        "reportFilename": "mochawesome",
        "saveHtml": false,
        "saveJson": true,
        "consoleReporter": "spec",
        "useInlineDiffs": false,
        "code": true
      },
      "version": "7.1.4"
    },
    "marge": {
      "options": {
        "reportDir": "cypress/reports/report_2025-10-25T05-12-26-072Z/.jsons",
        "overwrite": false,
        "html": false,
        "json": true,
        "embeddedScreenshots": true,
        "inlineAssets": true
      },
      "version": "6.3.0"
    }
  }
}