{
  "stats": {
    "suites": 1,
    "tests": 6,
    "passes": 5,
    "pending": 0,
    "failures": 1,
    "start": "2025-10-25T05:13:09.865Z",
    "end": "2025-10-25T05:13:18.407Z",
    "duration": 8542,
    "testsRegistered": 6,
    "passPercent": 83.33333333333334,
    "pendingPercent": 0,
    "other": 0,
    "hasOther": false,
    "skipped": 0,
    "hasSkipped": false
  },
  "results": [
    {
      "uuid": "cd210845-e082-455e-87b2-f8d0b1ff44e9",
      "title": "",
      "fullFile": "cypress/e2e/login.cy.ts",
      "file": "cypress/e2e/login.cy.ts",
      "beforeHooks": [],
      "afterHooks": [],
      "tests": [],
      "suites": [
        {
          "uuid": "38661fa8-766e-46e9-8cf8-377575f67548",
          "title": "Login test cases",
          "fullFile": "",
          "file": "",
          "beforeHooks": [],
          "afterHooks": [],
          "tests": [
            {
              "title": "Verify Login page",
              "fullTitle": "Login test cases Verify Login page",
              "timedOut": null,
              "duration": 4425,
              "state": "failed",
              "speed": null,
              "pass": false,
              "fail": true,
              "pending": false,
              "context": "[\n  {\n    \"title\": \"cypress-mochawesome-reporter-videos-failed\",\n    \"value\": \"cypress/e2e/login.cy.ts\"\n  },\n  {\n    \"title\": \"cypress-mochawesome-reporter-screenshots\",\n    \"value\": [\n      [\n        \"/login.cy.ts/Login test cases -- Verify Login page (failed).png\"\n      ]\n    ]\n  }\n]",
              "code": "// Verify Logo\nloginPage.verifyCompanyLogo();\n// Verify Login Text header\nloginPage.verifyLoginTextHeader('Login');\n// Verify Username label\nloginPage.verifyUsernameLabel('Username');\n// Verify Username textbox\nloginPage.verifyUsernameTextbox(false);\n// Verify Password label\nloginPage.verifyPasswordLabel('Password');\n// Verify Password textbox\nloginPage.verifyPasswordTextbox(false);\n// Verify Login button\nloginPage.verifyLoginButton(\"Login\");",
              "err": {
                "message": "AssertionError: Timed out retrying after 4000ms: expected '<input.oxd-input.oxd-input--focus>' to have CSS property 'border-color' with the value 'rgb(232, 234, 239)', but the value was 'rgb(146, 155, 170)'",
                "estack": "AssertionError: Timed out retrying after 4000ms: expected '<input.oxd-input.oxd-input--focus>' to have CSS property 'border-color' with the value 'rgb(232, 234, 239)', but the value was 'rgb(146, 155, 170)'\n    at LoginPage.verifyUsernameTextbox (webpack://project02_cypresswithtypescript/./cypress/pageObjects/login_page.ts:63:17)\n    at Context.eval (webpack://project02_cypresswithtypescript/./cypress/e2e/login.cy.ts:22:14)",
                "diff": "- 'rgb(146, 155, 170)'\n+ 'rgb(232, 234, 239)'\n"
              },
              "uuid": "0be2fe6f-e0bc-4d6b-b7ee-67a3b3677830",
              "parentUUID": "38661fa8-766e-46e9-8cf8-377575f67548",
              "isHook": false,
              "skipped": false
            },
            {
              "title": "Login Fail with Username and Password are null",
              "fullTitle": "Login test cases Login Fail with Username and Password are null",
              "timedOut": null,
              "duration": 268,
              "state": "passed",
              "speed": "fast",
              "pass": true,
              "fail": false,
              "pending": false,
              "context": "{\n  \"title\": \"cypress-mochawesome-reporter-videos-passed\",\n  \"value\": \"cypress/e2e/login.cy.ts\"\n}",
              "code": "loginPage.clickLoginButton();\nloginPage.verifyLoginPage();\n// Verify Username textbox\nloginPage.verifyUsernameTextbox(true);\nloginPage.verifyInputErrorMessageOfUsername('Required', true);\n// Verify Password textbox\nloginPage.verifyPasswordTextbox(true);\nloginPage.verifyInputErrorMessageOfPassword('Required', true);",
              "err": {},
              "uuid": "89748058-882f-4c40-b130-51eab2cb9a02",
              "parentUUID": "38661fa8-766e-46e9-8cf8-377575f67548",
              "isHook": false,
              "skipped": false
            },
            {
              "title": "Login Fail with Password are null",
              "fullTitle": "Login test cases Login Fail with Password are null",
              "timedOut": null,
              "duration": 528,
              "state": "passed",
              "speed": "fast",
              "pass": true,
              "fail": false,
              "pending": false,
              "context": "{\n  \"title\": \"cypress-mochawesome-reporter-videos-passed\",\n  \"value\": \"cypress/e2e/login.cy.ts\"\n}",
              "code": "cy.fixture('users').then((users) => {\n    loginPage.enterUsername(users.admin.username);\n});\nloginPage.clickLoginButton();\nloginPage.verifyLoginPage();\n// Verify Username textbox\nloginPage.verifyUsernameTextbox(false);\n// cy.get(':nth-child(2) > .oxd-input-group > .oxd-text').should('not.exist')\nloginPage.verifyInputErrorMessageOfUsername('Required', false);\n// Veirify Password textbox\nloginPage.verifyPasswordTextbox(true);\nloginPage.verifyInputErrorMessageOfPassword('Required', true);",
              "err": {},
              "uuid": "016bc248-1892-4c1d-9445-3910369c3731",
              "parentUUID": "38661fa8-766e-46e9-8cf8-377575f67548",
              "isHook": false,
              "skipped": false
            },
            {
              "title": "Login Fail with Username are null",
              "fullTitle": "Login test cases Login Fail with Username are null",
              "timedOut": null,
              "duration": 546,
              "state": "passed",
              "speed": "fast",
              "pass": true,
              "fail": false,
              "pending": false,
              "context": "{\n  \"title\": \"cypress-mochawesome-reporter-videos-passed\",\n  \"value\": \"cypress/e2e/login.cy.ts\"\n}",
              "code": "cy.fixture('users').then((users) => {\n    loginPage.enterPassword(users.admin.password);\n});\nloginPage.clickLoginButton();\nloginPage.verifyLoginPage();\n// Verify Username textbox\nloginPage.verifyUsernameTextbox(true);\nloginPage.verifyInputErrorMessageOfUsername('Required', true);\n// Veirify Password textbox\nloginPage.verifyPasswordTextbox(false);\n// cy.get(':nth-child(3) > .oxd-input-group > .oxd-text').should('not.exist')\nloginPage.verifyInputErrorMessageOfPassword('Required', false);",
              "err": {},
              "uuid": "24d8358d-ccc6-4c9f-be8f-aad2623ea251",
              "parentUUID": "38661fa8-766e-46e9-8cf8-377575f67548",
              "isHook": false,
              "skipped": false
            },
            {
              "title": "Login Fail with Username and Password are invalid ",
              "fullTitle": "Login test cases Login Fail with Username and Password are invalid ",
              "timedOut": null,
              "duration": 825,
              "state": "passed",
              "speed": "fast",
              "pass": true,
              "fail": false,
              "pending": false,
              "context": "{\n  \"title\": \"cypress-mochawesome-reporter-videos-passed\",\n  \"value\": \"cypress/e2e/login.cy.ts\"\n}",
              "code": "loginPage.enterUsername('abc');\nloginPage.enterPassword('abc123');\nloginPage.clickLoginButton();\nloginPage.verifyLoginPage();\n// Verify error message\nloginPage.verifyInvalidCredentialsMessage();",
              "err": {},
              "uuid": "702d1aae-5019-45d0-a415-1f733888b1be",
              "parentUUID": "38661fa8-766e-46e9-8cf8-377575f67548",
              "isHook": false,
              "skipped": false
            },
            {
              "title": "Login Success",
              "fullTitle": "Login test cases Login Success",
              "timedOut": null,
              "duration": 1216,
              "state": "passed",
              "speed": "fast",
              "pass": true,
              "fail": false,
              "pending": false,
              "context": "{\n  \"title\": \"cypress-mochawesome-reporter-videos-passed\",\n  \"value\": \"cypress/e2e/login.cy.ts\"\n}",
              "code": "cy.fixture('users').then((users) => {\n    loginPage.enterUsername(users.admin.username);\n    loginPage.enterPassword(users.admin.password);\n});\nloginPage.clickLoginButton();\ncy.url().should('include', '/dashboard');",
              "err": {},
              "uuid": "13490edc-f821-4895-9492-cdd7b219d9b2",
              "parentUUID": "38661fa8-766e-46e9-8cf8-377575f67548",
              "isHook": false,
              "skipped": false
            }
          ],
          "suites": [],
          "passes": [
            "89748058-882f-4c40-b130-51eab2cb9a02",
            "016bc248-1892-4c1d-9445-3910369c3731",
            "24d8358d-ccc6-4c9f-be8f-aad2623ea251",
            "702d1aae-5019-45d0-a415-1f733888b1be",
            "13490edc-f821-4895-9492-cdd7b219d9b2"
          ],
          "failures": [
            "0be2fe6f-e0bc-4d6b-b7ee-67a3b3677830"
          ],
          "pending": [],
          "skipped": [],
          "duration": 7808,
          "root": false,
          "rootEmpty": false,
          "_timeout": 2000
        }
      ],
      "passes": [],
      "failures": [],
      "pending": [],
      "skipped": [],
      "duration": 0,
      "root": true,
      "rootEmpty": true,
      "_timeout": 2000
    }
  ],
  "meta": {
    "mocha": {
      "version": "7.2.0"
    },
    "mochawesome": {
      "options": {
        "quiet": false,
        "reportFilename": "mochawesome",
        "saveHtml": false,
        "saveJson": true,
        "consoleReporter": "spec",
        "useInlineDiffs": false,
        "code": true
      },
      "version": "7.1.4"
    },
    "marge": {
      "options": {
        "reportDir": "cypress/reports/report_2025-10-25T05-12-26-072Z/.jsons",
        "overwrite": false,
        "html": false,
        "json": true,
        "embeddedScreenshots": true,
        "inlineAssets": true
      },
      "version": "6.3.0"
    }
  }
}