{
  "stats": {
    "suites": 1,
    "tests": 6,
    "passes": 6,
    "pending": 0,
    "failures": 0,
    "start": "2025-10-18T21:50:17.905Z",
    "end": "2025-10-18T21:50:22.376Z",
    "duration": 4471,
    "testsRegistered": 6,
    "passPercent": 100,
    "pendingPercent": 0,
    "other": 0,
    "hasOther": false,
    "skipped": 0,
    "hasSkipped": false
  },
  "results": [
    {
      "uuid": "358f70ba-992a-4f99-a9e3-deaf77ee9494",
      "title": "",
      "fullFile": "cypress/e2e/login.cy.ts",
      "file": "cypress/e2e/login.cy.ts",
      "beforeHooks": [],
      "afterHooks": [],
      "tests": [],
      "suites": [
        {
          "uuid": "bbb3449b-0264-4418-8424-5c36d0d7f7b9",
          "title": "Login test cases",
          "fullFile": "",
          "file": "",
          "beforeHooks": [],
          "afterHooks": [],
          "tests": [
            {
              "title": "Verify Login page",
              "fullTitle": "Login test cases Verify Login page",
              "timedOut": null,
              "duration": 385,
              "state": "passed",
              "speed": "fast",
              "pass": true,
              "fail": false,
              "pending": false,
              "context": "{\n  \"title\": \"cypress-mochawesome-reporter-videos-passed\",\n  \"value\": \"cypress/e2e/login.cy.ts\"\n}",
              "code": "// Verify Logo\nloginPage.verifyCompanyLogo();\n// Verify Login Text header\nloginPage.verifyLoginTextHeader('Login');\n// Verify Username label\nloginPage.verifyUsernameLabel('Username');\n// Verify Username textbox\nloginPage.verifyUsernameTextbox(false);\n// Verify Password label\nloginPage.verifyPasswordLabel('Password');\n// Verify Password textbox\nloginPage.verifyPasswordTextbox(false);\n// Verify Login button\nloginPage.verifyLoginButton(\"Login\");",
              "err": {},
              "uuid": "9756a195-984e-4ea3-a3dd-263975dd9b88",
              "parentUUID": "bbb3449b-0264-4418-8424-5c36d0d7f7b9",
              "isHook": false,
              "skipped": false
            },
            {
              "title": "Login Fail with Username and Password are null",
              "fullTitle": "Login test cases Login Fail with Username and Password are null",
              "timedOut": null,
              "duration": 237,
              "state": "passed",
              "speed": "fast",
              "pass": true,
              "fail": false,
              "pending": false,
              "context": "{\n  \"title\": \"cypress-mochawesome-reporter-videos-passed\",\n  \"value\": \"cypress/e2e/login.cy.ts\"\n}",
              "code": "loginPage.clickLoginButton();\nloginPage.verifyLoginPage();\n// Verify Username textbox\nloginPage.verifyUsernameTextbox(true);\nloginPage.verifyInputErrorMessageOfUsername('Required', true);\n// Verify Password textbox\nloginPage.verifyPasswordTextbox(true);\nloginPage.verifyInputErrorMessageOfPassword('Required', true);",
              "err": {},
              "uuid": "fdffe505-6850-43bf-a2e4-5d8cf0cd492e",
              "parentUUID": "bbb3449b-0264-4418-8424-5c36d0d7f7b9",
              "isHook": false,
              "skipped": false
            },
            {
              "title": "Login Fail with Password are null",
              "fullTitle": "Login test cases Login Fail with Password are null",
              "timedOut": null,
              "duration": 497,
              "state": "passed",
              "speed": "fast",
              "pass": true,
              "fail": false,
              "pending": false,
              "context": "{\n  \"title\": \"cypress-mochawesome-reporter-videos-passed\",\n  \"value\": \"cypress/e2e/login.cy.ts\"\n}",
              "code": "cy.fixture('users').then((users) => {\n    loginPage.enterUsername(users.admin.username);\n});\nloginPage.clickLoginButton();\nloginPage.verifyLoginPage();\n// Verify Username textbox\nloginPage.verifyUsernameTextbox(false);\n// cy.get(':nth-child(2) > .oxd-input-group > .oxd-text').should('not.exist')\nloginPage.verifyInputErrorMessageOfUsername('Required', false);\n// Veirify Password textbox\nloginPage.verifyPasswordTextbox(true);\nloginPage.verifyInputErrorMessageOfPassword('Required', true);",
              "err": {},
              "uuid": "96460580-2dbd-430c-9d1f-5bc4673ae59d",
              "parentUUID": "bbb3449b-0264-4418-8424-5c36d0d7f7b9",
              "isHook": false,
              "skipped": false
            },
            {
              "title": "Login Fail with Username are null",
              "fullTitle": "Login test cases Login Fail with Username are null",
              "timedOut": null,
              "duration": 566,
              "state": "passed",
              "speed": "fast",
              "pass": true,
              "fail": false,
              "pending": false,
              "context": "{\n  \"title\": \"cypress-mochawesome-reporter-videos-passed\",\n  \"value\": \"cypress/e2e/login.cy.ts\"\n}",
              "code": "cy.fixture('users').then((users) => {\n    loginPage.enterPassword(users.admin.password);\n});\nloginPage.clickLoginButton();\nloginPage.verifyLoginPage();\n// Verify Username textbox\nloginPage.verifyUsernameTextbox(true);\nloginPage.verifyInputErrorMessageOfUsername('Required', true);\n// Veirify Password textbox\nloginPage.verifyPasswordTextbox(false);\n// cy.get(':nth-child(3) > .oxd-input-group > .oxd-text').should('not.exist')\nloginPage.verifyInputErrorMessageOfPassword('Required', false);",
              "err": {},
              "uuid": "df194ad8-4707-4607-8456-7481aac3be1a",
              "parentUUID": "bbb3449b-0264-4418-8424-5c36d0d7f7b9",
              "isHook": false,
              "skipped": false
            },
            {
              "title": "Login Fail with Username and Password are invalid ",
              "fullTitle": "Login test cases Login Fail with Username and Password are invalid ",
              "timedOut": null,
              "duration": 824,
              "state": "passed",
              "speed": "fast",
              "pass": true,
              "fail": false,
              "pending": false,
              "context": "{\n  \"title\": \"cypress-mochawesome-reporter-videos-passed\",\n  \"value\": \"cypress/e2e/login.cy.ts\"\n}",
              "code": "loginPage.enterUsername('abc');\nloginPage.enterPassword('abc123');\nloginPage.clickLoginButton();\nloginPage.verifyLoginPage();\n// Verify error message\nloginPage.verifyInvalidCredentialsMessage();",
              "err": {},
              "uuid": "0a952f9e-ab46-4830-9cec-e377eea45821",
              "parentUUID": "bbb3449b-0264-4418-8424-5c36d0d7f7b9",
              "isHook": false,
              "skipped": false
            },
            {
              "title": "Login Success",
              "fullTitle": "Login test cases Login Success",
              "timedOut": null,
              "duration": 1250,
              "state": "passed",
              "speed": "fast",
              "pass": true,
              "fail": false,
              "pending": false,
              "context": "{\n  \"title\": \"cypress-mochawesome-reporter-videos-passed\",\n  \"value\": \"cypress/e2e/login.cy.ts\"\n}",
              "code": "cy.fixture('users').then((users) => {\n    loginPage.enterUsername(users.admin.username);\n    loginPage.enterPassword(users.admin.password);\n});\nloginPage.clickLoginButton();\ncy.url().should('include', '/dashboard');",
              "err": {},
              "uuid": "beb9e40c-cabe-4eee-8343-6ec8625e594c",
              "parentUUID": "bbb3449b-0264-4418-8424-5c36d0d7f7b9",
              "isHook": false,
              "skipped": false
            }
          ],
          "suites": [],
          "passes": [
            "9756a195-984e-4ea3-a3dd-263975dd9b88",
            "fdffe505-6850-43bf-a2e4-5d8cf0cd492e",
            "96460580-2dbd-430c-9d1f-5bc4673ae59d",
            "df194ad8-4707-4607-8456-7481aac3be1a",
            "0a952f9e-ab46-4830-9cec-e377eea45821",
            "beb9e40c-cabe-4eee-8343-6ec8625e594c"
          ],
          "failures": [],
          "pending": [],
          "skipped": [],
          "duration": 3759,
          "root": false,
          "rootEmpty": false,
          "_timeout": 2000
        }
      ],
      "passes": [],
      "failures": [],
      "pending": [],
      "skipped": [],
      "duration": 0,
      "root": true,
      "rootEmpty": true,
      "_timeout": 2000
    }
  ],
  "meta": {
    "mocha": {
      "version": "7.2.0"
    },
    "mochawesome": {
      "options": {
        "quiet": false,
        "reportFilename": "mochawesome",
        "saveHtml": false,
        "saveJson": true,
        "consoleReporter": "spec",
        "useInlineDiffs": false,
        "code": true
      },
      "version": "7.1.4"
    },
    "marge": {
      "options": {
        "reportDir": "cypress/reports/report_2025-10-18T21-49-58-432Z/.jsons",
        "overwrite": false,
        "html": false,
        "json": true,
        "embeddedScreenshots": true,
        "inlineAssets": true
      },
      "version": "6.3.0"
    }
  }
}