{
  "stats": {
    "suites": 1,
    "tests": 6,
    "passes": 6,
    "pending": 0,
    "failures": 0,
    "start": "2025-10-18T21:50:02.550Z",
    "end": "2025-10-18T21:50:10.244Z",
    "duration": 7694,
    "testsRegistered": 6,
    "passPercent": 100,
    "pendingPercent": 0,
    "other": 0,
    "hasOther": false,
    "skipped": 0,
    "hasSkipped": false
  },
  "results": [
    {
      "uuid": "4630aef1-3b1d-4d67-9134-4230febfc22e",
      "title": "",
      "fullFile": "cypress/e2e/OrangeHRM.cy.ts",
      "file": "cypress/e2e/OrangeHRM.cy.ts",
      "beforeHooks": [],
      "afterHooks": [],
      "tests": [],
      "suites": [
        {
          "uuid": "775a449c-6907-4bf5-a538-110db656db92",
          "title": "template spec",
          "fullFile": "",
          "file": "",
          "beforeHooks": [],
          "afterHooks": [],
          "tests": [
            {
              "title": "Verify Login page",
              "fullTitle": "template spec Verify Login page",
              "timedOut": null,
              "duration": 817,
              "state": "passed",
              "speed": "fast",
              "pass": true,
              "fail": false,
              "pending": false,
              "context": "{\n  \"title\": \"cypress-mochawesome-reporter-videos-passed\",\n  \"value\": \"cypress/e2e/OrangeHRM.cy.ts\"\n}",
              "code": "cy.visit('https://opensource-demo.orangehrmlive.com/web/index.php/auth/login');\n// Verify Logo\ncy.get('.orangehrm-login-branding').should('be.visible')\n    .and('have.css', 'width', '384px')\n    .and('have.css', 'max-width', '520px')\n    .and('have.css', 'background-color', 'rgb(255, 255, 255)')\n    .and('have.css', 'text-align', 'center');\n// Verify Login header\ncy.get('.oxd-text--h5').should('have.text', 'Login')\n    .and('have.css', 'text-align', 'center')\n    .and('have.css', 'font-weight', '800');\n// Verify Username label\ncy.get(':nth-child(2) > .oxd-input-group > .oxd-input-group__label-wrapper > .oxd-label')\n    .should('have.text', 'Username')\n    .and('have.css', 'font-weight', '600')\n    .and('have.css', 'font-size', '12px')\n    .and('have.css', 'color', 'rgb(100, 114, 140)');\n// Verify Username textbox\ncy.get('[name=\"username\"]').should('be.visible')\n    .and('have.attr', 'placeholder', 'Username');\n// Verify Password label\ncy.get(':nth-child(3) > .oxd-input-group > .oxd-input-group__label-wrapper > .oxd-label')\n    .should('have.text', 'Password')\n    .and('have.css', 'font-weight', '600')\n    .and('have.css', 'font-size', '12px')\n    .and('have.css', 'color', 'rgb(100, 114, 140)');\n// Verify Password textbox\ncy.get('[name=\"password\"]').should('be.visible')\n    .and('have.attr', 'placeholder', 'Password');\n// Verify Login button\ncy.get('.oxd-button').should('be.enabled')\n    .and('contain', 'Login')\n    .and('have.css', 'color', 'rgb(255, 255, 255)')\n    .and('have.css', 'background-color', 'rgb(255, 123, 29)');",
              "err": {},
              "uuid": "bb074a76-215b-49db-a1a7-2ad018851f9f",
              "parentUUID": "775a449c-6907-4bf5-a538-110db656db92",
              "isHook": false,
              "skipped": false
            },
            {
              "title": "Login Fail with Username and Password are null",
              "fullTitle": "template spec Login Fail with Username and Password are null",
              "timedOut": null,
              "duration": 685,
              "state": "passed",
              "speed": "fast",
              "pass": true,
              "fail": false,
              "pending": false,
              "context": "{\n  \"title\": \"cypress-mochawesome-reporter-videos-passed\",\n  \"value\": \"cypress/e2e/OrangeHRM.cy.ts\"\n}",
              "code": "cy.visit('https://opensource-demo.orangehrmlive.com/web/index.php/auth/login');\ncy.get('button[type=\"submit\"]').click();\ncy.url().should('include', '/login');\n// Verify Username textbox\ncy.get('[name=\"username\"]').should('have.css', 'border-color', 'rgb(235, 9, 16)');\ncy.get(':nth-child(2) > .oxd-input-group > .oxd-text').should('have.text', 'Required')\n    .and('have.css', 'color', 'rgb(235, 9, 16)')\n    .and('have.css', 'font-size', '12px');\n// Verify Password textbox\ncy.get('[name=\"password\"]').should('have.css', 'border-color', 'rgb(235, 9, 16)');\ncy.get(':nth-child(3) > .oxd-input-group > .oxd-text').should('have.text', 'Required')\n    .and('have.css', 'color', 'rgb(235, 9, 16)')\n    .and('have.css', 'font-size', '12px');",
              "err": {},
              "uuid": "19dd7f14-6cc3-443c-8bfd-845696aa63e2",
              "parentUUID": "775a449c-6907-4bf5-a538-110db656db92",
              "isHook": false,
              "skipped": false
            },
            {
              "title": "Login Fail with Password are null",
              "fullTitle": "template spec Login Fail with Password are null",
              "timedOut": null,
              "duration": 585,
              "state": "passed",
              "speed": "fast",
              "pass": true,
              "fail": false,
              "pending": false,
              "context": "{\n  \"title\": \"cypress-mochawesome-reporter-videos-passed\",\n  \"value\": \"cypress/e2e/OrangeHRM.cy.ts\"\n}",
              "code": "cy.visit('https://opensource-demo.orangehrmlive.com/web/index.php/auth/login');\ncy.get('[name=\"username\"]').type('Admin');\ncy.get('button[type=\"submit\"]').click();\ncy.url().should('include', '/login');\n// Verify Username textbox\ncy.get('[name=\"username\"]').should('have.css', 'border-color', 'rgb(232, 234, 239)');\ncy.get(':nth-child(2) > .oxd-input-group > .oxd-text').should('not.exist');\n// Veirify Password textbox\ncy.get('[name=\"password\"]').should('have.css', 'border-color', 'rgb(235, 9, 16)');\ncy.get(':nth-child(3) > .oxd-input-group > .oxd-text').should('have.text', 'Required')\n    .and('have.css', 'color', 'rgb(235, 9, 16)')\n    .and('have.css', 'font-size', '12px');",
              "err": {},
              "uuid": "5d7f7d92-af20-49fc-8f3c-47988e4cc54b",
              "parentUUID": "775a449c-6907-4bf5-a538-110db656db92",
              "isHook": false,
              "skipped": false
            },
            {
              "title": "Login Fail with Username are null",
              "fullTitle": "template spec Login Fail with Username are null",
              "timedOut": null,
              "duration": 729,
              "state": "passed",
              "speed": "fast",
              "pass": true,
              "fail": false,
              "pending": false,
              "context": "{\n  \"title\": \"cypress-mochawesome-reporter-videos-passed\",\n  \"value\": \"cypress/e2e/OrangeHRM.cy.ts\"\n}",
              "code": "cy.visit('https://opensource-demo.orangehrmlive.com/web/index.php/auth/login');\ncy.get('[name=\"password\"]').type('admin123');\ncy.get('button[type=\"submit\"]').click();\ncy.url().should('include', '/login');\n// Verify Username textbox\ncy.get('[name=\"username\"]').should('have.css', 'border-color', 'rgb(235, 9, 16)');\ncy.get(':nth-child(2) > .oxd-input-group > .oxd-text').should('have.text', 'Required')\n    .and('have.css', 'color', 'rgb(235, 9, 16)')\n    .and('have.css', 'font-size', '12px');\n// Veirify Password textbox\ncy.get('[name=\"password\"]').should('have.css', 'border-color', 'rgb(232, 234, 239)');\ncy.get(':nth-child(3) > .oxd-input-group > .oxd-text').should('not.exist');",
              "err": {},
              "uuid": "94af226e-c7bd-437c-8be9-d6a83cf6aa4e",
              "parentUUID": "775a449c-6907-4bf5-a538-110db656db92",
              "isHook": false,
              "skipped": false
            },
            {
              "title": "Login Fail with Username and Password are invalid ",
              "fullTitle": "template spec Login Fail with Username and Password are invalid ",
              "timedOut": null,
              "duration": 1152,
              "state": "passed",
              "speed": "fast",
              "pass": true,
              "fail": false,
              "pending": false,
              "context": "{\n  \"title\": \"cypress-mochawesome-reporter-videos-passed\",\n  \"value\": \"cypress/e2e/OrangeHRM.cy.ts\"\n}",
              "code": "cy.visit('https://opensource-demo.orangehrmlive.com/web/index.php/auth/login');\ncy.get('[name=\"username\"]').type('abc');\ncy.get('[name=\"password\"]').type('abc123');\ncy.get('button[type=\"submit\"]').click();\ncy.url().should('include', '/login');\n// Verify error message\ncy.get('.oxd-alert-content-text').should('have.text', 'Invalid credentials')\n    .and('have.css', 'color', 'rgb(235, 9, 16)')\n    .and('have.css', 'font-size', '14px');",
              "err": {},
              "uuid": "8e29518d-f4cb-411e-b57b-4b9acbbc2a3d",
              "parentUUID": "775a449c-6907-4bf5-a538-110db656db92",
              "isHook": false,
              "skipped": false
            },
            {
              "title": "Login Success",
              "fullTitle": "template spec Login Success",
              "timedOut": null,
              "duration": 2670,
              "state": "passed",
              "speed": "fast",
              "pass": true,
              "fail": false,
              "pending": false,
              "context": "{\n  \"title\": \"cypress-mochawesome-reporter-videos-passed\",\n  \"value\": \"cypress/e2e/OrangeHRM.cy.ts\"\n}",
              "code": "cy.visit('https://opensource-demo.orangehrmlive.com/web/index.php/auth/login');\ncy.get('[name=\"username\"]').type('Admin');\ncy.get('[name=\"password\"]').type('admin123');\ncy.get('button[type=\"submit\"]').click();\ncy.url().should('include', '/dashboard');\ncy.contains('PIM').click();\ncy.url().should('include', '/pim');\ncy.get(':nth-child(2) > .oxd-input').type('76803');\ncy.get('.oxd-form-actions > .oxd-button--secondary').click();",
              "err": {},
              "uuid": "4629a8ec-543a-4ed4-99c4-35ed5e002e2e",
              "parentUUID": "775a449c-6907-4bf5-a538-110db656db92",
              "isHook": false,
              "skipped": false
            }
          ],
          "suites": [],
          "passes": [
            "bb074a76-215b-49db-a1a7-2ad018851f9f",
            "19dd7f14-6cc3-443c-8bfd-845696aa63e2",
            "5d7f7d92-af20-49fc-8f3c-47988e4cc54b",
            "94af226e-c7bd-437c-8be9-d6a83cf6aa4e",
            "8e29518d-f4cb-411e-b57b-4b9acbbc2a3d",
            "4629a8ec-543a-4ed4-99c4-35ed5e002e2e"
          ],
          "failures": [],
          "pending": [],
          "skipped": [],
          "duration": 6638,
          "root": false,
          "rootEmpty": false,
          "_timeout": 2000
        }
      ],
      "passes": [],
      "failures": [],
      "pending": [],
      "skipped": [],
      "duration": 0,
      "root": true,
      "rootEmpty": true,
      "_timeout": 2000
    }
  ],
  "meta": {
    "mocha": {
      "version": "7.2.0"
    },
    "mochawesome": {
      "options": {
        "quiet": false,
        "reportFilename": "mochawesome",
        "saveHtml": false,
        "saveJson": true,
        "consoleReporter": "spec",
        "useInlineDiffs": false,
        "code": true
      },
      "version": "7.1.4"
    },
    "marge": {
      "options": {
        "reportDir": "cypress/reports/report_2025-10-18T21-49-58-432Z/.jsons",
        "overwrite": false,
        "html": false,
        "json": true,
        "embeddedScreenshots": true,
        "inlineAssets": true
      },
      "version": "6.3.0"
    }
  }
}