{
  "stats": {
    "suites": 1,
    "tests": 2,
    "passes": 2,
    "pending": 0,
    "failures": 0,
    "start": "2025-10-25T05:20:21.387Z",
    "end": "2025-10-25T05:20:24.107Z",
    "duration": 2720,
    "testsRegistered": 2,
    "passPercent": 100,
    "pendingPercent": 0,
    "other": 0,
    "hasOther": false,
    "skipped": 0,
    "hasSkipped": false
  },
  "results": [
    {
      "uuid": "df8d4d33-f6e9-4cdc-9612-a7ff443e2186",
      "title": "",
      "fullFile": "cypress/e2e/demo_uploadFile.cy.ts",
      "file": "cypress/e2e/demo_uploadFile.cy.ts",
      "beforeHooks": [],
      "afterHooks": [],
      "tests": [],
      "suites": [
        {
          "uuid": "f22cfa0f-c10f-4015-b6dc-77c5936499eb",
          "title": "Upload file demo",
          "fullFile": "",
          "file": "",
          "beforeHooks": [],
          "afterHooks": [],
          "tests": [
            {
              "title": "Upload single file",
              "fullTitle": "Upload file demo Upload single file",
              "timedOut": null,
              "duration": 988,
              "state": "passed",
              "speed": "fast",
              "pass": true,
              "fail": false,
              "pending": false,
              "context": "{\n  \"title\": \"cypress-mochawesome-reporter-videos-passed\",\n  \"value\": \"cypress/e2e/demo_uploadFile.cy.ts\"\n}",
              "code": "// Access website\ncy.visit('https://filebin.net/');\n// Upload file\ncy.get('#fileField').attachFile(uploadFile1);\n// Verify files are uploaded successfully\ncy.contains(uploadFile1).should('be.visible');",
              "err": {},
              "uuid": "0432e6e4-5938-4dc3-92c5-9ff8dced68b0",
              "parentUUID": "f22cfa0f-c10f-4015-b6dc-77c5936499eb",
              "isHook": false,
              "skipped": false
            },
            {
              "title": "Upload multiple files",
              "fullTitle": "Upload file demo Upload multiple files",
              "timedOut": null,
              "duration": 473,
              "state": "passed",
              "speed": "fast",
              "pass": true,
              "fail": false,
              "pending": false,
              "context": "{\n  \"title\": \"cypress-mochawesome-reporter-videos-passed\",\n  \"value\": \"cypress/e2e/demo_uploadFile.cy.ts\"\n}",
              "code": "// Access website\ncy.visit('https://filebin.net/');\n// Upload file\ncy.get('#fileField').attachFile([uploadFile2, uploadFile3]);\n// Verify files are uploaded successfully\ncy.contains(uploadFile2).should('be.visible');\ncy.contains(uploadFile3).should('be.visible');",
              "err": {},
              "uuid": "e7ee4afd-febf-455e-ae48-6b3d365ba7d8",
              "parentUUID": "f22cfa0f-c10f-4015-b6dc-77c5936499eb",
              "isHook": false,
              "skipped": false
            }
          ],
          "suites": [],
          "passes": [
            "0432e6e4-5938-4dc3-92c5-9ff8dced68b0",
            "e7ee4afd-febf-455e-ae48-6b3d365ba7d8"
          ],
          "failures": [],
          "pending": [],
          "skipped": [],
          "duration": 1461,
          "root": false,
          "rootEmpty": false,
          "_timeout": 2000
        }
      ],
      "passes": [],
      "failures": [],
      "pending": [],
      "skipped": [],
      "duration": 0,
      "root": true,
      "rootEmpty": true,
      "_timeout": 2000
    }
  ],
  "meta": {
    "mocha": {
      "version": "7.2.0"
    },
    "mochawesome": {
      "options": {
        "quiet": false,
        "reportFilename": "mochawesome",
        "saveHtml": false,
        "saveJson": true,
        "consoleReporter": "spec",
        "useInlineDiffs": false,
        "code": true
      },
      "version": "7.1.4"
    },
    "marge": {
      "options": {
        "reportDir": "cypress/reports/report_2025-10-25T05-19-45-383Z/.jsons",
        "overwrite": false,
        "html": false,
        "json": true,
        "embeddedScreenshots": true,
        "inlineAssets": true
      },
      "version": "6.3.0"
    }
  }
}