{
  "stats": {
    "suites": 1,
    "tests": 6,
    "passes": 5,
    "pending": 0,
    "failures": 1,
    "start": "2025-10-25T05:20:25.733Z",
    "end": "2025-10-25T05:20:34.205Z",
    "duration": 8472,
    "testsRegistered": 6,
    "passPercent": 83.33333333333334,
    "pendingPercent": 0,
    "other": 0,
    "hasOther": false,
    "skipped": 0,
    "hasSkipped": false
  },
  "results": [
    {
      "uuid": "47858366-3acb-4aec-bf5d-5d7cd73f2a45",
      "title": "",
      "fullFile": "cypress/e2e/login.cy.ts",
      "file": "cypress/e2e/login.cy.ts",
      "beforeHooks": [],
      "afterHooks": [],
      "tests": [],
      "suites": [
        {
          "uuid": "f5ce3a91-db16-44b7-8585-47de76cdf571",
          "title": "Login test cases",
          "fullFile": "",
          "file": "",
          "beforeHooks": [],
          "afterHooks": [],
          "tests": [
            {
              "title": "Verify Login page",
              "fullTitle": "Login test cases Verify Login page",
              "timedOut": null,
              "duration": 4418,
              "state": "failed",
              "speed": null,
              "pass": false,
              "fail": true,
              "pending": false,
              "context": "[\n  {\n    \"title\": \"cypress-mochawesome-reporter-videos-failed\",\n    \"value\": \"cypress/e2e/login.cy.ts\"\n  },\n  {\n    \"title\": \"cypress-mochawesome-reporter-screenshots\",\n    \"value\": [\n      [\n        \"/login.cy.ts/Login test cases -- Verify Login page (failed).png\"\n      ]\n    ]\n  }\n]",
              "code": "// Verify Logo\nloginPage.verifyCompanyLogo();\n// Verify Login Text header\nloginPage.verifyLoginTextHeader('Login');\n// Verify Username label\nloginPage.verifyUsernameLabel('Username');\n// Verify Username textbox\nloginPage.verifyUsernameTextbox(false);\n// Verify Password label\nloginPage.verifyPasswordLabel('Password');\n// Verify Password textbox\nloginPage.verifyPasswordTextbox(false);\n// Verify Login button\nloginPage.verifyLoginButton(\"Login\");",
              "err": {
                "message": "AssertionError: Timed out retrying after 4000ms: expected '<input.oxd-input.oxd-input--focus>' to have CSS property 'border-color' with the value 'rgb(232, 234, 239)', but the value was 'rgb(146, 155, 170)'",
                "estack": "AssertionError: Timed out retrying after 4000ms: expected '<input.oxd-input.oxd-input--focus>' to have CSS property 'border-color' with the value 'rgb(232, 234, 239)', but the value was 'rgb(146, 155, 170)'\n    at LoginPage.verifyUsernameTextbox (webpack://project02_cypresswithtypescript/./cypress/pageObjects/login_page.ts:63:17)\n    at Context.eval (webpack://project02_cypresswithtypescript/./cypress/e2e/login.cy.ts:22:14)",
                "diff": "- 'rgb(146, 155, 170)'\n+ 'rgb(232, 234, 239)'\n"
              },
              "uuid": "4c5f9885-5416-4e54-8cfc-b1d106100ee4",
              "parentUUID": "f5ce3a91-db16-44b7-8585-47de76cdf571",
              "isHook": false,
              "skipped": false
            },
            {
              "title": "Login Fail with Username and Password are null",
              "fullTitle": "Login test cases Login Fail with Username and Password are null",
              "timedOut": null,
              "duration": 252,
              "state": "passed",
              "speed": "fast",
              "pass": true,
              "fail": false,
              "pending": false,
              "context": "{\n  \"title\": \"cypress-mochawesome-reporter-videos-passed\",\n  \"value\": \"cypress/e2e/login.cy.ts\"\n}",
              "code": "loginPage.clickLoginButton();\nloginPage.verifyLoginPage();\n// Verify Username textbox\nloginPage.verifyUsernameTextbox(true);\nloginPage.verifyInputErrorMessageOfUsername('Required', true);\n// Verify Password textbox\nloginPage.verifyPasswordTextbox(true);\nloginPage.verifyInputErrorMessageOfPassword('Required', true);",
              "err": {},
              "uuid": "49684512-7ddc-48fd-a9d4-d69ecbb2cfd9",
              "parentUUID": "f5ce3a91-db16-44b7-8585-47de76cdf571",
              "isHook": false,
              "skipped": false
            },
            {
              "title": "Login Fail with Password are null",
              "fullTitle": "Login test cases Login Fail with Password are null",
              "timedOut": null,
              "duration": 494,
              "state": "passed",
              "speed": "fast",
              "pass": true,
              "fail": false,
              "pending": false,
              "context": "{\n  \"title\": \"cypress-mochawesome-reporter-videos-passed\",\n  \"value\": \"cypress/e2e/login.cy.ts\"\n}",
              "code": "cy.fixture('users').then((users) => {\n    loginPage.enterUsername(users.admin.username);\n});\nloginPage.clickLoginButton();\nloginPage.verifyLoginPage();\n// Verify Username textbox\nloginPage.verifyUsernameTextbox(false);\n// cy.get(':nth-child(2) > .oxd-input-group > .oxd-text').should('not.exist')\nloginPage.verifyInputErrorMessageOfUsername('Required', false);\n// Veirify Password textbox\nloginPage.verifyPasswordTextbox(true);\nloginPage.verifyInputErrorMessageOfPassword('Required', true);",
              "err": {},
              "uuid": "6585bb89-b29a-4ad9-864c-fe6aacc120ec",
              "parentUUID": "f5ce3a91-db16-44b7-8585-47de76cdf571",
              "isHook": false,
              "skipped": false
            },
            {
              "title": "Login Fail with Username are null",
              "fullTitle": "Login test cases Login Fail with Username are null",
              "timedOut": null,
              "duration": 526,
              "state": "passed",
              "speed": "fast",
              "pass": true,
              "fail": false,
              "pending": false,
              "context": "{\n  \"title\": \"cypress-mochawesome-reporter-videos-passed\",\n  \"value\": \"cypress/e2e/login.cy.ts\"\n}",
              "code": "cy.fixture('users').then((users) => {\n    loginPage.enterPassword(users.admin.password);\n});\nloginPage.clickLoginButton();\nloginPage.verifyLoginPage();\n// Verify Username textbox\nloginPage.verifyUsernameTextbox(true);\nloginPage.verifyInputErrorMessageOfUsername('Required', true);\n// Veirify Password textbox\nloginPage.verifyPasswordTextbox(false);\n// cy.get(':nth-child(3) > .oxd-input-group > .oxd-text').should('not.exist')\nloginPage.verifyInputErrorMessageOfPassword('Required', false);",
              "err": {},
              "uuid": "1758e164-68f6-42b3-b48f-7a4ae946cab6",
              "parentUUID": "f5ce3a91-db16-44b7-8585-47de76cdf571",
              "isHook": false,
              "skipped": false
            },
            {
              "title": "Login Fail with Username and Password are invalid ",
              "fullTitle": "Login test cases Login Fail with Username and Password are invalid ",
              "timedOut": null,
              "duration": 840,
              "state": "passed",
              "speed": "fast",
              "pass": true,
              "fail": false,
              "pending": false,
              "context": "{\n  \"title\": \"cypress-mochawesome-reporter-videos-passed\",\n  \"value\": \"cypress/e2e/login.cy.ts\"\n}",
              "code": "loginPage.enterUsername('abc');\nloginPage.enterPassword('abc123');\nloginPage.clickLoginButton();\nloginPage.verifyLoginPage();\n// Verify error message\nloginPage.verifyInvalidCredentialsMessage();",
              "err": {},
              "uuid": "09907df1-8d50-4ea6-a369-0d501a61cbf7",
              "parentUUID": "f5ce3a91-db16-44b7-8585-47de76cdf571",
              "isHook": false,
              "skipped": false
            },
            {
              "title": "Login Success",
              "fullTitle": "Login test cases Login Success",
              "timedOut": null,
              "duration": 1223,
              "state": "passed",
              "speed": "fast",
              "pass": true,
              "fail": false,
              "pending": false,
              "context": "{\n  \"title\": \"cypress-mochawesome-reporter-videos-passed\",\n  \"value\": \"cypress/e2e/login.cy.ts\"\n}",
              "code": "cy.fixture('users').then((users) => {\n    loginPage.enterUsername(users.admin.username);\n    loginPage.enterPassword(users.admin.password);\n});\nloginPage.clickLoginButton();\ncy.url().should('include', '/dashboard');",
              "err": {},
              "uuid": "875db575-3aae-4153-9cd1-0f5a3e08bcf7",
              "parentUUID": "f5ce3a91-db16-44b7-8585-47de76cdf571",
              "isHook": false,
              "skipped": false
            }
          ],
          "suites": [],
          "passes": [
            "49684512-7ddc-48fd-a9d4-d69ecbb2cfd9",
            "6585bb89-b29a-4ad9-864c-fe6aacc120ec",
            "1758e164-68f6-42b3-b48f-7a4ae946cab6",
            "09907df1-8d50-4ea6-a369-0d501a61cbf7",
            "875db575-3aae-4153-9cd1-0f5a3e08bcf7"
          ],
          "failures": [
            "4c5f9885-5416-4e54-8cfc-b1d106100ee4"
          ],
          "pending": [],
          "skipped": [],
          "duration": 7753,
          "root": false,
          "rootEmpty": false,
          "_timeout": 2000
        }
      ],
      "passes": [],
      "failures": [],
      "pending": [],
      "skipped": [],
      "duration": 0,
      "root": true,
      "rootEmpty": true,
      "_timeout": 2000
    }
  ],
  "meta": {
    "mocha": {
      "version": "7.2.0"
    },
    "mochawesome": {
      "options": {
        "quiet": false,
        "reportFilename": "mochawesome",
        "saveHtml": false,
        "saveJson": true,
        "consoleReporter": "spec",
        "useInlineDiffs": false,
        "code": true
      },
      "version": "7.1.4"
    },
    "marge": {
      "options": {
        "reportDir": "cypress/reports/report_2025-10-25T05-19-45-383Z/.jsons",
        "overwrite": false,
        "html": false,
        "json": true,
        "embeddedScreenshots": true,
        "inlineAssets": true
      },
      "version": "6.3.0"
    }
  }
}