{
  "stats": {
    "suites": 1,
    "tests": 2,
    "passes": 2,
    "pending": 0,
    "failures": 0,
    "start": "2025-10-19T03:57:40.225Z",
    "end": "2025-10-19T03:57:43.201Z",
    "duration": 2976,
    "testsRegistered": 2,
    "passPercent": 100,
    "pendingPercent": 0,
    "other": 0,
    "hasOther": false,
    "skipped": 0,
    "hasSkipped": false
  },
  "results": [
    {
      "uuid": "f2402959-a882-4b75-8e57-677d40071271",
      "title": "",
      "fullFile": "cypress/e2e/demo_uploadFile.cy.ts",
      "file": "cypress/e2e/demo_uploadFile.cy.ts",
      "beforeHooks": [],
      "afterHooks": [],
      "tests": [],
      "suites": [
        {
          "uuid": "9cdb55a5-5057-4c6a-b3cc-371413c0af96",
          "title": "Upload file demo",
          "fullFile": "",
          "file": "",
          "beforeHooks": [],
          "afterHooks": [],
          "tests": [
            {
              "title": "Upload single file",
              "fullTitle": "Upload file demo Upload single file",
              "timedOut": null,
              "duration": 934,
              "state": "passed",
              "speed": "fast",
              "pass": true,
              "fail": false,
              "pending": false,
              "context": "{\n  \"title\": \"cypress-mochawesome-reporter-videos-passed\",\n  \"value\": \"cypress/e2e/demo_uploadFile.cy.ts\"\n}",
              "code": "// Access website\ncy.visit('https://filebin.net/');\n// Upload file\ncy.get('#fileField').attachFile(uploadFile1);\n// Verify files are uploaded successfully\ncy.contains(uploadFile1).should('be.visible');",
              "err": {},
              "uuid": "915ffca8-a4d5-4f9a-8d6f-2ae6ad84793e",
              "parentUUID": "9cdb55a5-5057-4c6a-b3cc-371413c0af96",
              "isHook": false,
              "skipped": false
            },
            {
              "title": "Upload multiple files",
              "fullTitle": "Upload file demo Upload multiple files",
              "timedOut": null,
              "duration": 465,
              "state": "passed",
              "speed": "fast",
              "pass": true,
              "fail": false,
              "pending": false,
              "context": "{\n  \"title\": \"cypress-mochawesome-reporter-videos-passed\",\n  \"value\": \"cypress/e2e/demo_uploadFile.cy.ts\"\n}",
              "code": "// Access website\ncy.visit('https://filebin.net/');\n// Upload file\ncy.get('#fileField').attachFile([uploadFile2, uploadFile3]);\n// Verify files are uploaded successfully\ncy.contains(uploadFile2).should('be.visible');\ncy.contains(uploadFile3).should('be.visible');",
              "err": {},
              "uuid": "8eee1e49-ff20-4eac-b779-75ab50522b80",
              "parentUUID": "9cdb55a5-5057-4c6a-b3cc-371413c0af96",
              "isHook": false,
              "skipped": false
            }
          ],
          "suites": [],
          "passes": [
            "915ffca8-a4d5-4f9a-8d6f-2ae6ad84793e",
            "8eee1e49-ff20-4eac-b779-75ab50522b80"
          ],
          "failures": [],
          "pending": [],
          "skipped": [],
          "duration": 1399,
          "root": false,
          "rootEmpty": false,
          "_timeout": 2000
        }
      ],
      "passes": [],
      "failures": [],
      "pending": [],
      "skipped": [],
      "duration": 0,
      "root": true,
      "rootEmpty": true,
      "_timeout": 2000
    }
  ],
  "meta": {
    "mocha": {
      "version": "7.2.0"
    },
    "mochawesome": {
      "options": {
        "quiet": false,
        "reportFilename": "mochawesome",
        "saveHtml": false,
        "saveJson": true,
        "consoleReporter": "spec",
        "useInlineDiffs": false,
        "code": true
      },
      "version": "7.1.4"
    },
    "marge": {
      "options": {
        "reportDir": "cypress/reports/report_2025-10-19T03-57-22-814Z/.jsons",
        "overwrite": false,
        "html": false,
        "json": true,
        "embeddedScreenshots": true,
        "inlineAssets": true
      },
      "version": "6.3.0"
    }
  }
}