{
  "stats": {
    "suites": 1,
    "tests": 6,
    "passes": 5,
    "pending": 0,
    "failures": 1,
    "start": "2025-10-19T03:57:27.177Z",
    "end": "2025-10-19T03:57:38.583Z",
    "duration": 11406,
    "testsRegistered": 6,
    "passPercent": 83.33333333333334,
    "pendingPercent": 0,
    "other": 0,
    "hasOther": false,
    "skipped": 0,
    "hasSkipped": false
  },
  "results": [
    {
      "uuid": "2402ec1a-3972-4b66-a4c4-5ca94ba3cc8c",
      "title": "",
      "fullFile": "cypress/e2e/OrangeHRM.cy.ts",
      "file": "cypress/e2e/OrangeHRM.cy.ts",
      "beforeHooks": [],
      "afterHooks": [],
      "tests": [],
      "suites": [
        {
          "uuid": "2e9b0d7d-ac18-4327-8836-9d221afe2753",
          "title": "template spec",
          "fullFile": "",
          "file": "",
          "beforeHooks": [],
          "afterHooks": [],
          "tests": [
            {
              "title": "Verify Login page",
              "fullTitle": "template spec Verify Login page",
              "timedOut": null,
              "duration": 4893,
              "state": "failed",
              "speed": null,
              "pass": false,
              "fail": true,
              "pending": false,
              "context": "[\n  {\n    \"title\": \"cypress-mochawesome-reporter-videos-failed\",\n    \"value\": \"cypress/e2e/OrangeHRM.cy.ts\"\n  },\n  {\n    \"title\": \"cypress-mochawesome-reporter-screenshots\",\n    \"value\": [\n      [\n        \"/OrangeHRM.cy.ts/template spec -- Verify Login page (failed).png\"\n      ]\n    ]\n  }\n]",
              "code": "cy.visit('https://opensource-demo.orangehrmlive.com/web/index.php/auth/login');\n// Verify Logo\ncy.get('.orangehrm-login-branding').should('be.visible')\n    .and('have.css', 'width', '384px')\n    .and('have.css', 'max-width', '520px')\n    .and('have.css', 'background-color', 'rgb(255, 255, 255)')\n    .and('have.css', 'text-align', 'center');\n// Verify Login header\ncy.get('.oxd-text--h5').should('have.text', 'Login')\n    .and('have.css', 'text-align', 'center')\n    .and('have.css', 'font-weight', '800');\n// Verify Username label\ncy.get(':nth-child(2) > .oxd-input-group > .oxd-input-group__label-wrapper > .oxd-label')\n    .should('have.text', 'Username')\n    .and('have.css', 'font-weight', '600')\n    .and('have.css', 'font-size', '12px')\n    .and('have.css', 'color', 'rgb(100, 114, 140)');\n// Verify Username textbox\ncy.get('[name=\"username\"]').should('be.visible')\n    .and('have.attr', 'placeholder', 'Username');\n// Verify Password label\ncy.get(':nth-child(3) > .oxd-input-group > .oxd-input-group__label-wrapper > .oxd-label')\n    .should('have.text', 'Password')\n    .and('have.css', 'font-weight', '600')\n    .and('have.css', 'font-size', '12px')\n    .and('have.css', 'color', 'rgb(100, 114, 140)');\n// Verify Password textbox\ncy.get('[name=\"password\"]').should('be.visible')\n    .and('have.attr', 'placeholder', 'Password');\n// Verify Login button\ncy.get('.oxd-button').should('be.enabled')\n    .and('contain', 'Login')\n    .and('have.css', 'color', 'rgb(255, 255, 255)')\n    .and('have.css', 'background-color', 'rgb(255, 123, 29)');",
              "err": {
                "message": "AssertionError: Timed out retrying after 4000ms: expected '<button.oxd-button.oxd-button--medium.oxd-button--main.orangehrm-login-button>' to have CSS property 'color' with the value 'rgb(255, 255, 255)', but the value was 'rgb(250, 10, 124)'",
                "estack": "AssertionError: Timed out retrying after 4000ms: expected '<button.oxd-button.oxd-button--medium.oxd-button--main.orangehrm-login-button>' to have CSS property 'color' with the value 'rgb(255, 255, 255)', but the value was 'rgb(250, 10, 124)'\n    at Context.eval (webpack://project02_cypresswithtypescript/./cypress/e2e/OrangeHRM.cy.ts:42:7)",
                "diff": "- 'rgb(250, 10, 124)'\n+ 'rgb(255, 255, 255)'\n"
              },
              "uuid": "ee9ebf7f-cb22-420a-8e8e-7a2e1818bd34",
              "parentUUID": "2e9b0d7d-ac18-4327-8836-9d221afe2753",
              "isHook": false,
              "skipped": false
            },
            {
              "title": "Login Fail with Username and Password are null",
              "fullTitle": "template spec Login Fail with Username and Password are null",
              "timedOut": null,
              "duration": 574,
              "state": "passed",
              "speed": "fast",
              "pass": true,
              "fail": false,
              "pending": false,
              "context": "{\n  \"title\": \"cypress-mochawesome-reporter-videos-passed\",\n  \"value\": \"cypress/e2e/OrangeHRM.cy.ts\"\n}",
              "code": "cy.visit('https://opensource-demo.orangehrmlive.com/web/index.php/auth/login');\ncy.get('button[type=\"submit\"]').click();\ncy.url().should('include', '/login');\n// Verify Username textbox\ncy.get('[name=\"username\"]').should('have.css', 'border-color', 'rgb(235, 9, 16)');\ncy.get(':nth-child(2) > .oxd-input-group > .oxd-text').should('have.text', 'Required')\n    .and('have.css', 'color', 'rgb(235, 9, 16)')\n    .and('have.css', 'font-size', '12px');\n// Verify Password textbox\ncy.get('[name=\"password\"]').should('have.css', 'border-color', 'rgb(235, 9, 16)');\ncy.get(':nth-child(3) > .oxd-input-group > .oxd-text').should('have.text', 'Required')\n    .and('have.css', 'color', 'rgb(235, 9, 16)')\n    .and('have.css', 'font-size', '12px');",
              "err": {},
              "uuid": "56a1d93c-db88-431c-a1d8-ead09afceb6d",
              "parentUUID": "2e9b0d7d-ac18-4327-8836-9d221afe2753",
              "isHook": false,
              "skipped": false
            },
            {
              "title": "Login Fail with Password are null",
              "fullTitle": "template spec Login Fail with Password are null",
              "timedOut": null,
              "duration": 634,
              "state": "passed",
              "speed": "fast",
              "pass": true,
              "fail": false,
              "pending": false,
              "context": "{\n  \"title\": \"cypress-mochawesome-reporter-videos-passed\",\n  \"value\": \"cypress/e2e/OrangeHRM.cy.ts\"\n}",
              "code": "cy.visit('https://opensource-demo.orangehrmlive.com/web/index.php/auth/login');\ncy.get('[name=\"username\"]').type('Admin');\ncy.get('button[type=\"submit\"]').click();\ncy.url().should('include', '/login');\n// Verify Username textbox\ncy.get('[name=\"username\"]').should('have.css', 'border-color', 'rgb(232, 234, 239)');\ncy.get(':nth-child(2) > .oxd-input-group > .oxd-text').should('not.exist');\n// Veirify Password textbox\ncy.get('[name=\"password\"]').should('have.css', 'border-color', 'rgb(235, 9, 16)');\ncy.get(':nth-child(3) > .oxd-input-group > .oxd-text').should('have.text', 'Required')\n    .and('have.css', 'color', 'rgb(235, 9, 16)')\n    .and('have.css', 'font-size', '12px');",
              "err": {},
              "uuid": "192bc6b3-7cd9-4612-a556-06a842a38bfe",
              "parentUUID": "2e9b0d7d-ac18-4327-8836-9d221afe2753",
              "isHook": false,
              "skipped": false
            },
            {
              "title": "Login Fail with Username are null",
              "fullTitle": "template spec Login Fail with Username are null",
              "timedOut": null,
              "duration": 663,
              "state": "passed",
              "speed": "fast",
              "pass": true,
              "fail": false,
              "pending": false,
              "context": "{\n  \"title\": \"cypress-mochawesome-reporter-videos-passed\",\n  \"value\": \"cypress/e2e/OrangeHRM.cy.ts\"\n}",
              "code": "cy.visit('https://opensource-demo.orangehrmlive.com/web/index.php/auth/login');\ncy.get('[name=\"password\"]').type('admin123');\ncy.get('button[type=\"submit\"]').click();\ncy.url().should('include', '/login');\n// Verify Username textbox\ncy.get('[name=\"username\"]').should('have.css', 'border-color', 'rgb(235, 9, 16)');\ncy.get(':nth-child(2) > .oxd-input-group > .oxd-text').should('have.text', 'Required')\n    .and('have.css', 'color', 'rgb(235, 9, 16)')\n    .and('have.css', 'font-size', '12px');\n// Veirify Password textbox\ncy.get('[name=\"password\"]').should('have.css', 'border-color', 'rgb(232, 234, 239)');\ncy.get(':nth-child(3) > .oxd-input-group > .oxd-text').should('not.exist');",
              "err": {},
              "uuid": "e5875e11-5aaf-4773-92aa-6d6aa95d1427",
              "parentUUID": "2e9b0d7d-ac18-4327-8836-9d221afe2753",
              "isHook": false,
              "skipped": false
            },
            {
              "title": "Login Fail with Username and Password are invalid ",
              "fullTitle": "template spec Login Fail with Username and Password are invalid ",
              "timedOut": null,
              "duration": 1154,
              "state": "passed",
              "speed": "fast",
              "pass": true,
              "fail": false,
              "pending": false,
              "context": "{\n  \"title\": \"cypress-mochawesome-reporter-videos-passed\",\n  \"value\": \"cypress/e2e/OrangeHRM.cy.ts\"\n}",
              "code": "cy.visit('https://opensource-demo.orangehrmlive.com/web/index.php/auth/login');\ncy.get('[name=\"username\"]').type('abc');\ncy.get('[name=\"password\"]').type('abc123');\ncy.get('button[type=\"submit\"]').click();\ncy.url().should('include', '/login');\n// Verify error message\ncy.get('.oxd-alert-content-text').should('have.text', 'Invalid credentials')\n    .and('have.css', 'color', 'rgb(235, 9, 16)')\n    .and('have.css', 'font-size', '14px');",
              "err": {},
              "uuid": "e560b359-8c05-49b8-8523-5e4723c8f11e",
              "parentUUID": "2e9b0d7d-ac18-4327-8836-9d221afe2753",
              "isHook": false,
              "skipped": false
            },
            {
              "title": "Login Success",
              "fullTitle": "template spec Login Success",
              "timedOut": null,
              "duration": 2478,
              "state": "passed",
              "speed": "fast",
              "pass": true,
              "fail": false,
              "pending": false,
              "context": "{\n  \"title\": \"cypress-mochawesome-reporter-videos-passed\",\n  \"value\": \"cypress/e2e/OrangeHRM.cy.ts\"\n}",
              "code": "cy.visit('https://opensource-demo.orangehrmlive.com/web/index.php/auth/login');\ncy.get('[name=\"username\"]').type('Admin');\ncy.get('[name=\"password\"]').type('admin123');\ncy.get('button[type=\"submit\"]').click();\ncy.url().should('include', '/dashboard');\ncy.contains('PIM').click();\ncy.url().should('include', '/pim');\ncy.get(':nth-child(2) > .oxd-input').type('76803');\ncy.get('.oxd-form-actions > .oxd-button--secondary').click();",
              "err": {},
              "uuid": "7a853500-c57d-44d7-80af-b915e2a81a3c",
              "parentUUID": "2e9b0d7d-ac18-4327-8836-9d221afe2753",
              "isHook": false,
              "skipped": false
            }
          ],
          "suites": [],
          "passes": [
            "56a1d93c-db88-431c-a1d8-ead09afceb6d",
            "192bc6b3-7cd9-4612-a556-06a842a38bfe",
            "e5875e11-5aaf-4773-92aa-6d6aa95d1427",
            "e560b359-8c05-49b8-8523-5e4723c8f11e",
            "7a853500-c57d-44d7-80af-b915e2a81a3c"
          ],
          "failures": [
            "ee9ebf7f-cb22-420a-8e8e-7a2e1818bd34"
          ],
          "pending": [],
          "skipped": [],
          "duration": 10396,
          "root": false,
          "rootEmpty": false,
          "_timeout": 2000
        }
      ],
      "passes": [],
      "failures": [],
      "pending": [],
      "skipped": [],
      "duration": 0,
      "root": true,
      "rootEmpty": true,
      "_timeout": 2000
    }
  ],
  "meta": {
    "mocha": {
      "version": "7.2.0"
    },
    "mochawesome": {
      "options": {
        "quiet": false,
        "reportFilename": "mochawesome",
        "saveHtml": false,
        "saveJson": true,
        "consoleReporter": "spec",
        "useInlineDiffs": false,
        "code": true
      },
      "version": "7.1.4"
    },
    "marge": {
      "options": {
        "reportDir": "cypress/reports/report_2025-10-19T03-57-22-814Z/.jsons",
        "overwrite": false,
        "html": false,
        "json": true,
        "embeddedScreenshots": true,
        "inlineAssets": true
      },
      "version": "6.3.0"
    }
  }
}