{
  "stats": {
    "suites": 1,
    "tests": 2,
    "passes": 2,
    "pending": 0,
    "failures": 0,
    "start": "2025-10-25T04:56:49.501Z",
    "end": "2025-10-25T04:56:52.313Z",
    "duration": 2812,
    "testsRegistered": 2,
    "passPercent": 100,
    "pendingPercent": 0,
    "other": 0,
    "hasOther": false,
    "skipped": 0,
    "hasSkipped": false
  },
  "results": [
    {
      "uuid": "808817d6-d843-4bbb-881b-1259530755db",
      "title": "",
      "fullFile": "cypress/e2e/demo_uploadFile.cy.ts",
      "file": "cypress/e2e/demo_uploadFile.cy.ts",
      "beforeHooks": [],
      "afterHooks": [],
      "tests": [],
      "suites": [
        {
          "uuid": "46e94036-5880-4455-a3c2-fd468f64aa9d",
          "title": "Upload file demo",
          "fullFile": "",
          "file": "",
          "beforeHooks": [],
          "afterHooks": [],
          "tests": [
            {
              "title": "Upload single file",
              "fullTitle": "Upload file demo Upload single file",
              "timedOut": null,
              "duration": 990,
              "state": "passed",
              "speed": "fast",
              "pass": true,
              "fail": false,
              "pending": false,
              "context": "{\n  \"title\": \"cypress-mochawesome-reporter-videos-passed\",\n  \"value\": \"cypress/e2e/demo_uploadFile.cy.ts\"\n}",
              "code": "// Access website\ncy.visit('https://filebin.net/');\n// Upload file\ncy.get('#fileField').attachFile(uploadFile1);\n// Verify files are uploaded successfully\ncy.contains(uploadFile1).should('be.visible');",
              "err": {},
              "uuid": "58fa7c7d-c757-4269-857c-6d2ce432b38c",
              "parentUUID": "46e94036-5880-4455-a3c2-fd468f64aa9d",
              "isHook": false,
              "skipped": false
            },
            {
              "title": "Upload multiple files",
              "fullTitle": "Upload file demo Upload multiple files",
              "timedOut": null,
              "duration": 501,
              "state": "passed",
              "speed": "fast",
              "pass": true,
              "fail": false,
              "pending": false,
              "context": "{\n  \"title\": \"cypress-mochawesome-reporter-videos-passed\",\n  \"value\": \"cypress/e2e/demo_uploadFile.cy.ts\"\n}",
              "code": "// Access website\ncy.visit('https://filebin.net/');\n// Upload file\ncy.get('#fileField').attachFile([uploadFile2, uploadFile3]);\n// Verify files are uploaded successfully\ncy.contains(uploadFile2).should('be.visible');\ncy.contains(uploadFile3).should('be.visible');",
              "err": {},
              "uuid": "6f25d304-b965-40c5-86b6-b66418e4b895",
              "parentUUID": "46e94036-5880-4455-a3c2-fd468f64aa9d",
              "isHook": false,
              "skipped": false
            }
          ],
          "suites": [],
          "passes": [
            "58fa7c7d-c757-4269-857c-6d2ce432b38c",
            "6f25d304-b965-40c5-86b6-b66418e4b895"
          ],
          "failures": [],
          "pending": [],
          "skipped": [],
          "duration": 1491,
          "root": false,
          "rootEmpty": false,
          "_timeout": 2000
        }
      ],
      "passes": [],
      "failures": [],
      "pending": [],
      "skipped": [],
      "duration": 0,
      "root": true,
      "rootEmpty": true,
      "_timeout": 2000
    }
  ],
  "meta": {
    "mocha": {
      "version": "7.2.0"
    },
    "mochawesome": {
      "options": {
        "quiet": false,
        "reportFilename": "mochawesome",
        "saveHtml": false,
        "saveJson": true,
        "consoleReporter": "spec",
        "useInlineDiffs": false,
        "code": true
      },
      "version": "7.1.4"
    },
    "marge": {
      "options": {
        "reportDir": "cypress/reports/report_2025-10-25T04-53-54-606Z/.jsons",
        "overwrite": false,
        "html": false,
        "json": true,
        "embeddedScreenshots": true,
        "inlineAssets": true
      },
      "version": "6.3.0"
    }
  }
}