{
  "stats": {
    "suites": 1,
    "tests": 2,
    "passes": 2,
    "pending": 0,
    "failures": 0,
    "start": "2025-10-25T23:39:05.220Z",
    "end": "2025-10-25T23:39:07.916Z",
    "duration": 2696,
    "testsRegistered": 2,
    "passPercent": 100,
    "pendingPercent": 0,
    "other": 0,
    "hasOther": false,
    "skipped": 0,
    "hasSkipped": false
  },
  "results": [
    {
      "uuid": "2ac839b1-1769-478c-9fb1-e9d6442899de",
      "title": "",
      "fullFile": "cypress/e2e/demo_uploadFile.cy.ts",
      "file": "cypress/e2e/demo_uploadFile.cy.ts",
      "beforeHooks": [],
      "afterHooks": [],
      "tests": [],
      "suites": [
        {
          "uuid": "2d791aaa-b5f3-4472-acff-52c5bd89a830",
          "title": "Upload file demo",
          "fullFile": "",
          "file": "",
          "beforeHooks": [],
          "afterHooks": [],
          "tests": [
            {
              "title": "Upload single file",
              "fullTitle": "Upload file demo Upload single file",
              "timedOut": null,
              "duration": 985,
              "state": "passed",
              "speed": "fast",
              "pass": true,
              "fail": false,
              "pending": false,
              "context": "{\n  \"title\": \"cypress-mochawesome-reporter-videos-passed\",\n  \"value\": \"cypress/e2e/demo_uploadFile.cy.ts\"\n}",
              "code": "// Access website\ncy.visit('https://filebin.net/');\n// Upload file\ncy.get('#fileField').attachFile(uploadFile1);\n// Verify files are uploaded successfully\ncy.contains(uploadFile1).should('be.visible');",
              "err": {},
              "uuid": "1e713334-c067-46b1-94ef-d596af066263",
              "parentUUID": "2d791aaa-b5f3-4472-acff-52c5bd89a830",
              "isHook": false,
              "skipped": false
            },
            {
              "title": "Upload multiple files",
              "fullTitle": "Upload file demo Upload multiple files",
              "timedOut": null,
              "duration": 478,
              "state": "passed",
              "speed": "fast",
              "pass": true,
              "fail": false,
              "pending": false,
              "context": "{\n  \"title\": \"cypress-mochawesome-reporter-videos-passed\",\n  \"value\": \"cypress/e2e/demo_uploadFile.cy.ts\"\n}",
              "code": "// Access website\ncy.visit('https://filebin.net/');\n// Upload file\ncy.get('#fileField').attachFile([uploadFile2, uploadFile3]);\n// Verify files are uploaded successfully\ncy.contains(uploadFile2).should('be.visible');\ncy.contains(uploadFile3).should('be.visible');",
              "err": {},
              "uuid": "44939120-1900-492b-920d-d86ef07b2372",
              "parentUUID": "2d791aaa-b5f3-4472-acff-52c5bd89a830",
              "isHook": false,
              "skipped": false
            }
          ],
          "suites": [],
          "passes": [
            "1e713334-c067-46b1-94ef-d596af066263",
            "44939120-1900-492b-920d-d86ef07b2372"
          ],
          "failures": [],
          "pending": [],
          "skipped": [],
          "duration": 1463,
          "root": false,
          "rootEmpty": false,
          "_timeout": 2000
        }
      ],
      "passes": [],
      "failures": [],
      "pending": [],
      "skipped": [],
      "duration": 0,
      "root": true,
      "rootEmpty": true,
      "_timeout": 2000
    }
  ],
  "meta": {
    "mocha": {
      "version": "7.2.0"
    },
    "mochawesome": {
      "options": {
        "quiet": false,
        "reportFilename": "mochawesome",
        "saveHtml": false,
        "saveJson": true,
        "consoleReporter": "spec",
        "useInlineDiffs": false,
        "code": true
      },
      "version": "7.1.4"
    },
    "marge": {
      "options": {
        "reportDir": "cypress/reports/report_2025-10-25T23-38-08-904Z/.jsons",
        "overwrite": false,
        "html": false,
        "json": true,
        "embeddedScreenshots": true,
        "inlineAssets": true
      },
      "version": "6.3.0"
    }
  }
}