{
  "stats": {
    "suites": 1,
    "tests": 6,
    "passes": 0,
    "pending": 0,
    "failures": 6,
    "start": "2025-10-25T23:38:12.078Z",
    "end": "2025-10-25T23:38:40.377Z",
    "duration": 28299,
    "testsRegistered": 6,
    "passPercent": 0,
    "pendingPercent": 0,
    "other": 0,
    "hasOther": false,
    "skipped": 0,
    "hasSkipped": false
  },
  "results": [
    {
      "uuid": "7d95d1da-37b0-473b-9443-3ee235911423",
      "title": "",
      "fullFile": "cypress/e2e/OrangeHRM.cy.ts",
      "file": "cypress/e2e/OrangeHRM.cy.ts",
      "beforeHooks": [],
      "afterHooks": [],
      "tests": [],
      "suites": [
        {
          "uuid": "e69929cb-53ff-40a9-b408-e5bb7122e5bf",
          "title": "Test Suite - Authentication",
          "fullFile": "",
          "file": "",
          "beforeHooks": [],
          "afterHooks": [],
          "tests": [
            {
              "title": "Verify Login page",
              "fullTitle": "Test Suite - Authentication Verify Login page",
              "timedOut": null,
              "duration": 4520,
              "state": "failed",
              "speed": null,
              "pass": false,
              "fail": true,
              "pending": false,
              "context": "[\n  {\n    \"title\": \"cypress-mochawesome-reporter-videos-failed\",\n    \"value\": \"cypress/e2e/OrangeHRM.cy.ts\"\n  },\n  {\n    \"title\": \"cypress-mochawesome-reporter-screenshots\",\n    \"value\": [\n      [\n        \"/OrangeHRM.cy.ts/Test Suite - Authentication -- Verify Login page (failed).png\"\n      ]\n    ]\n  }\n]",
              "code": "cy.visit('https://opensource-demo.orangehrmlive.com/web/index.php/auth/login');\n// Verify Logo\ncy.get('.orangehrm-login-branding').should('be.visible')\n    .and('have.css', 'width', '384px')\n    .and('have.css', 'max-width', '520px')\n    .and('have.css', 'background-color', 'rgb(255, 255, 255)')\n    .and('have.css', 'text-align', 'center');\n// Verify Login header\ncy.get('.oxd-text--h5').should('have.text', 'Login')\n    .and('have.css', 'text-align', 'center')\n    .and('have.css', 'font-weight', '800');\n// Verify Username label\ncy.get(':nth-child(2) > .oxd-input-group > .oxd-input-group__label-wrapper > .oxd-label')\n    .should('have.text', 'Username')\n    .and('have.css', 'font-weight', '600')\n    .and('have.css', 'font-size', '12px')\n    .and('have.css', 'color', 'rgb(100, 114, 140)');\n// Verify Username textbox\ncy.get('[name=\"username\"]').should('be.visible')\n    .and('have.attr', 'placeholder', 'Username');\n// Verify Password label\ncy.get(':nth-child(3) > .oxd-input-group > .oxd-input-group__label-wrapper > .oxd-label')\n    .should('have.text', 'Password')\n    .and('have.css', 'font-weight', '600')\n    .and('have.css', 'font-size', '12px')\n    .and('have.css', 'color', 'rgb(100, 114, 140)');\n// Verify Password textbox\ncy.get('[name=\"password\"]').should('be.visible')\n    .and('have.attr', 'placeholder', 'Password');\n// Verify Login button\ncy.get('.oxd-button').should('be.enabled')\n    .and('contain', 'Login')\n    .and('have.css', 'color', 'rgb(255, 255, 255)')\n    .and('have.css', 'background-color', 'rgb(255, 123, 29)');",
              "err": {
                "message": "AssertionError: Timed out retrying after 4000ms: Expected to find element: `.orangehrm-login-branding`, but never found it.",
                "estack": "AssertionError: Timed out retrying after 4000ms: Expected to find element: `.orangehrm-login-branding`, but never found it.\n    at Context.eval (webpack://project02_cypresswithtypescript/./cypress/e2e/OrangeHRM.cy.ts:6:40)",
                "diff": null
              },
              "uuid": "001571f7-0dcf-49b3-a13d-7c02ed55fbe5",
              "parentUUID": "e69929cb-53ff-40a9-b408-e5bb7122e5bf",
              "isHook": false,
              "skipped": false
            },
            {
              "title": "Login Fail with Username and Password are null",
              "fullTitle": "Test Suite - Authentication Login Fail with Username and Password are null",
              "timedOut": null,
              "duration": 4415,
              "state": "failed",
              "speed": null,
              "pass": false,
              "fail": true,
              "pending": false,
              "context": "[\n  {\n    \"title\": \"cypress-mochawesome-reporter-videos-failed\",\n    \"value\": \"cypress/e2e/OrangeHRM.cy.ts\"\n  },\n  {\n    \"title\": \"cypress-mochawesome-reporter-screenshots\",\n    \"value\": [\n      [\n        \"/OrangeHRM.cy.ts/Test Suite - Authentication -- Login Fail with Username and Password are null (failed).png\"\n      ]\n    ]\n  }\n]",
              "code": "cy.visit('https://opensource-demo.orangehrmlive.com/web/index.php/auth/login');\ncy.get('button[type=\"submit\"]').click();\ncy.url().should('include', '/login');\n// Verify Username textbox\ncy.get('[name=\"username\"]').should('have.css', 'border-color', 'rgb(235, 9, 16)');\ncy.get(':nth-child(2) > .oxd-input-group > .oxd-text').should('have.text', 'Required')\n    .and('have.css', 'color', 'rgb(235, 9, 16)')\n    .and('have.css', 'font-size', '12px');\n// Verify Password textbox\ncy.get('[name=\"password\"]').should('have.css', 'border-color', 'rgb(235, 9, 16)');\ncy.get(':nth-child(3) > .oxd-input-group > .oxd-text').should('have.text', 'Required')\n    .and('have.css', 'color', 'rgb(235, 9, 16)')\n    .and('have.css', 'font-size', '12px');",
              "err": {
                "message": "AssertionError: Timed out retrying after 4000ms: Expected to find element: `button[type=\"submit\"]`, but never found it.",
                "estack": "AssertionError: Timed out retrying after 4000ms: Expected to find element: `button[type=\"submit\"]`, but never found it.\n    at Context.eval (webpack://project02_cypresswithtypescript/./cypress/e2e/OrangeHRM.cy.ts:50:7)",
                "diff": null
              },
              "uuid": "3bd6bbe0-d34a-4e17-a9b3-31ae1cf691c6",
              "parentUUID": "e69929cb-53ff-40a9-b408-e5bb7122e5bf",
              "isHook": false,
              "skipped": false
            },
            {
              "title": "Login Fail with Password are null",
              "fullTitle": "Test Suite - Authentication Login Fail with Password are null",
              "timedOut": null,
              "duration": 4625,
              "state": "failed",
              "speed": null,
              "pass": false,
              "fail": true,
              "pending": false,
              "context": "[\n  {\n    \"title\": \"cypress-mochawesome-reporter-videos-failed\",\n    \"value\": \"cypress/e2e/OrangeHRM.cy.ts\"\n  },\n  {\n    \"title\": \"cypress-mochawesome-reporter-screenshots\",\n    \"value\": [\n      [\n        \"/OrangeHRM.cy.ts/Test Suite - Authentication -- Login Fail with Password are null (failed).png\"\n      ]\n    ]\n  }\n]",
              "code": "cy.visit('https://opensource-demo.orangehrmlive.com/web/index.php/auth/login');\ncy.get('[name=\"username\"]').type('Admin');\ncy.get('button[type=\"submit\"]').click();\ncy.url().should('include', '/login');\n// Verify Username textbox\ncy.get('[name=\"username\"]').should('have.css', 'border-color', 'rgb(232, 234, 239)');\ncy.get(':nth-child(2) > .oxd-input-group > .oxd-text').should('not.exist');\n// Veirify Password textbox\ncy.get('[name=\"password\"]').should('have.css', 'border-color', 'rgb(235, 9, 16)');\ncy.get(':nth-child(3) > .oxd-input-group > .oxd-text').should('have.text', 'Required')\n    .and('have.css', 'color', 'rgb(235, 9, 16)')\n    .and('have.css', 'font-size', '12px');",
              "err": {
                "message": "AssertionError: Timed out retrying after 4000ms: Expected to find element: `[name=\"username\"]`, but never found it.",
                "estack": "AssertionError: Timed out retrying after 4000ms: Expected to find element: `[name=\"username\"]`, but never found it.\n    at Context.eval (webpack://project02_cypresswithtypescript/./cypress/e2e/OrangeHRM.cy.ts:68:7)",
                "diff": null
              },
              "uuid": "371b30b6-f837-4a07-93a6-fde6668e316c",
              "parentUUID": "e69929cb-53ff-40a9-b408-e5bb7122e5bf",
              "isHook": false,
              "skipped": false
            },
            {
              "title": "Login Fail with Username are null",
              "fullTitle": "Test Suite - Authentication Login Fail with Username are null",
              "timedOut": null,
              "duration": 4619,
              "state": "failed",
              "speed": null,
              "pass": false,
              "fail": true,
              "pending": false,
              "context": "[\n  {\n    \"title\": \"cypress-mochawesome-reporter-videos-failed\",\n    \"value\": \"cypress/e2e/OrangeHRM.cy.ts\"\n  },\n  {\n    \"title\": \"cypress-mochawesome-reporter-screenshots\",\n    \"value\": [\n      [\n        \"/OrangeHRM.cy.ts/Test Suite - Authentication -- Login Fail with Username are null (failed).png\"\n      ]\n    ]\n  }\n]",
              "code": "cy.visit('https://opensource-demo.orangehrmlive.com/web/index.php/auth/login');\ncy.get('[name=\"password\"]').type('admin123');\ncy.get('button[type=\"submit\"]').click();\ncy.url().should('include', '/login');\n// Verify Username textbox\ncy.get('[name=\"username\"]').should('have.css', 'border-color', 'rgb(235, 9, 16)');\ncy.get(':nth-child(2) > .oxd-input-group > .oxd-text').should('have.text', 'Required')\n    .and('have.css', 'color', 'rgb(235, 9, 16)')\n    .and('have.css', 'font-size', '12px');\n// Veirify Password textbox\ncy.get('[name=\"password\"]').should('have.css', 'border-color', 'rgb(232, 234, 239)');\ncy.get(':nth-child(3) > .oxd-input-group > .oxd-text').should('not.exist');",
              "err": {
                "message": "AssertionError: Timed out retrying after 4000ms: Expected to find element: `[name=\"password\"]`, but never found it.",
                "estack": "AssertionError: Timed out retrying after 4000ms: Expected to find element: `[name=\"password\"]`, but never found it.\n    at Context.eval (webpack://project02_cypresswithtypescript/./cypress/e2e/OrangeHRM.cy.ts:85:7)",
                "diff": null
              },
              "uuid": "b2a9c66e-8b83-4a84-a4da-b068238fce56",
              "parentUUID": "e69929cb-53ff-40a9-b408-e5bb7122e5bf",
              "isHook": false,
              "skipped": false
            },
            {
              "title": "Login Fail with Username and Password are invalid ",
              "fullTitle": "Test Suite - Authentication Login Fail with Username and Password are invalid ",
              "timedOut": null,
              "duration": 4626,
              "state": "failed",
              "speed": null,
              "pass": false,
              "fail": true,
              "pending": false,
              "context": "[\n  {\n    \"title\": \"cypress-mochawesome-reporter-videos-failed\",\n    \"value\": \"cypress/e2e/OrangeHRM.cy.ts\"\n  },\n  {\n    \"title\": \"cypress-mochawesome-reporter-screenshots\",\n    \"value\": [\n      [\n        \"/OrangeHRM.cy.ts/Test Suite - Authentication -- Login Fail with Username and Password are invalid (failed).png\"\n      ]\n    ]\n  }\n]",
              "code": "cy.visit('https://opensource-demo.orangehrmlive.com/web/index.php/auth/login');\ncy.get('[name=\"username\"]').type('abc');\ncy.get('[name=\"password\"]').type('abc123');\ncy.get('button[type=\"submit\"]').click();\ncy.url().should('include', '/login');\n// Verify error message\ncy.get('.oxd-alert-content-text').should('have.text', 'Invalid credentials')\n    .and('have.css', 'color', 'rgb(235, 9, 16)')\n    .and('have.css', 'font-size', '14px');",
              "err": {
                "message": "AssertionError: Timed out retrying after 4000ms: Expected to find element: `[name=\"username\"]`, but never found it.",
                "estack": "AssertionError: Timed out retrying after 4000ms: Expected to find element: `[name=\"username\"]`, but never found it.\n    at Context.eval (webpack://project02_cypresswithtypescript/./cypress/e2e/OrangeHRM.cy.ts:102:7)",
                "diff": null
              },
              "uuid": "4b37ed05-0837-4ed3-91d5-b5e4a48056df",
              "parentUUID": "e69929cb-53ff-40a9-b408-e5bb7122e5bf",
              "isHook": false,
              "skipped": false
            },
            {
              "title": "Login Success",
              "fullTitle": "Test Suite - Authentication Login Success",
              "timedOut": null,
              "duration": 4638,
              "state": "failed",
              "speed": null,
              "pass": false,
              "fail": true,
              "pending": false,
              "context": "[\n  {\n    \"title\": \"cypress-mochawesome-reporter-videos-failed\",\n    \"value\": \"cypress/e2e/OrangeHRM.cy.ts\"\n  },\n  {\n    \"title\": \"cypress-mochawesome-reporter-screenshots\",\n    \"value\": [\n      [\n        \"/OrangeHRM.cy.ts/Test Suite - Authentication -- Login Success (failed).png\"\n      ]\n    ]\n  }\n]",
              "code": "cy.visit('https://opensource-demo.orangehrmlive.com/web/index.php/auth/login');\ncy.get('[name=\"username\"]').type('Admin');\ncy.get('[name=\"password\"]').type('admin123');\ncy.get('button[type=\"submit\"]').click();\ncy.url().should('include', '/dashboard');\ncy.contains('PIM').click();\ncy.url().should('include', '/pim');\ncy.get(':nth-child(2) > .oxd-input').type('76803');\ncy.get('.oxd-form-actions > .oxd-button--secondary').click();",
              "err": {
                "message": "AssertionError: Timed out retrying after 4000ms: Expected to find element: `[name=\"username\"]`, but never found it.",
                "estack": "AssertionError: Timed out retrying after 4000ms: Expected to find element: `[name=\"username\"]`, but never found it.\n    at Context.eval (webpack://project02_cypresswithtypescript/./cypress/e2e/OrangeHRM.cy.ts:117:7)",
                "diff": null
              },
              "uuid": "91245ce0-74fd-4113-ad88-65e98a5fed47",
              "parentUUID": "e69929cb-53ff-40a9-b408-e5bb7122e5bf",
              "isHook": false,
              "skipped": false
            }
          ],
          "suites": [],
          "passes": [],
          "failures": [
            "001571f7-0dcf-49b3-a13d-7c02ed55fbe5",
            "3bd6bbe0-d34a-4e17-a9b3-31ae1cf691c6",
            "371b30b6-f837-4a07-93a6-fde6668e316c",
            "b2a9c66e-8b83-4a84-a4da-b068238fce56",
            "4b37ed05-0837-4ed3-91d5-b5e4a48056df",
            "91245ce0-74fd-4113-ad88-65e98a5fed47"
          ],
          "pending": [],
          "skipped": [],
          "duration": 27443,
          "root": false,
          "rootEmpty": false,
          "_timeout": 2000
        }
      ],
      "passes": [],
      "failures": [],
      "pending": [],
      "skipped": [],
      "duration": 0,
      "root": true,
      "rootEmpty": true,
      "_timeout": 2000
    }
  ],
  "meta": {
    "mocha": {
      "version": "7.2.0"
    },
    "mochawesome": {
      "options": {
        "quiet": false,
        "reportFilename": "mochawesome",
        "saveHtml": false,
        "saveJson": true,
        "consoleReporter": "spec",
        "useInlineDiffs": false,
        "code": true
      },
      "version": "7.1.4"
    },
    "marge": {
      "options": {
        "reportDir": "cypress/reports/report_2025-10-25T23-38-08-904Z/.jsons",
        "overwrite": false,
        "html": false,
        "json": true,
        "embeddedScreenshots": true,
        "inlineAssets": true
      },
      "version": "6.3.0"
    }
  }
}