{
  "stats": {
    "suites": 1,
    "tests": 6,
    "passes": 6,
    "pending": 0,
    "failures": 0,
    "start": "2025-10-25T05:09:04.936Z",
    "end": "2025-10-25T05:09:12.674Z",
    "duration": 7738,
    "testsRegistered": 6,
    "passPercent": 100,
    "pendingPercent": 0,
    "other": 0,
    "hasOther": false,
    "skipped": 0,
    "hasSkipped": false
  },
  "results": [
    {
      "uuid": "f2948056-f859-461b-a939-97d10480e611",
      "title": "",
      "fullFile": "cypress/e2e/OrangeHRM.cy.ts",
      "file": "cypress/e2e/OrangeHRM.cy.ts",
      "beforeHooks": [],
      "afterHooks": [],
      "tests": [],
      "suites": [
        {
          "uuid": "8f48f2c2-1b43-4c5a-a330-71574878e8c4",
          "title": "Test Suite - Authentication",
          "fullFile": "",
          "file": "",
          "beforeHooks": [],
          "afterHooks": [],
          "tests": [
            {
              "title": "Verify Login page",
              "fullTitle": "Test Suite - Authentication Verify Login page",
              "timedOut": null,
              "duration": 882,
              "state": "passed",
              "speed": "fast",
              "pass": true,
              "fail": false,
              "pending": false,
              "context": "{\n  \"title\": \"cypress-mochawesome-reporter-videos-passed\",\n  \"value\": \"cypress/e2e/OrangeHRM.cy.ts\"\n}",
              "code": "cy.visit('https://opensource-demo.orangehrmlive.com/web/index.php/auth/login');\n// Verify Logo\ncy.get('.orangehrm-login-branding').should('be.visible')\n    .and('have.css', 'width', '384px')\n    .and('have.css', 'max-width', '520px')\n    .and('have.css', 'background-color', 'rgb(255, 255, 255)')\n    .and('have.css', 'text-align', 'center');\n// Verify Login header\ncy.get('.oxd-text--h5').should('have.text', 'Login')\n    .and('have.css', 'text-align', 'center')\n    .and('have.css', 'font-weight', '800');\n// Verify Username label\ncy.get(':nth-child(2) > .oxd-input-group > .oxd-input-group__label-wrapper > .oxd-label')\n    .should('have.text', 'Username')\n    .and('have.css', 'font-weight', '600')\n    .and('have.css', 'font-size', '12px')\n    .and('have.css', 'color', 'rgb(100, 114, 140)');\n// Verify Username textbox\ncy.get('[name=\"username\"]').should('be.visible')\n    .and('have.attr', 'placeholder', 'Username');\n// Verify Password label\ncy.get(':nth-child(3) > .oxd-input-group > .oxd-input-group__label-wrapper > .oxd-label')\n    .should('have.text', 'Password')\n    .and('have.css', 'font-weight', '600')\n    .and('have.css', 'font-size', '12px')\n    .and('have.css', 'color', 'rgb(100, 114, 140)');\n// Verify Password textbox\ncy.get('[name=\"password\"]').should('be.visible')\n    .and('have.attr', 'placeholder', 'Password');\n// Verify Login button\ncy.get('.oxd-button').should('be.enabled')\n    .and('contain', 'Login')\n    .and('have.css', 'color', 'rgb(255, 255, 255)')\n    .and('have.css', 'background-color', 'rgb(255, 123, 29)');",
              "err": {},
              "uuid": "513ac4c1-f80a-4d6a-8151-598de64137dc",
              "parentUUID": "8f48f2c2-1b43-4c5a-a330-71574878e8c4",
              "isHook": false,
              "skipped": false
            },
            {
              "title": "Login Fail with Username and Password are null",
              "fullTitle": "Test Suite - Authentication Login Fail with Username and Password are null",
              "timedOut": null,
              "duration": 693,
              "state": "passed",
              "speed": "fast",
              "pass": true,
              "fail": false,
              "pending": false,
              "context": "{\n  \"title\": \"cypress-mochawesome-reporter-videos-passed\",\n  \"value\": \"cypress/e2e/OrangeHRM.cy.ts\"\n}",
              "code": "cy.visit('https://opensource-demo.orangehrmlive.com/web/index.php/auth/login');\ncy.get('button[type=\"submit\"]').click();\ncy.url().should('include', '/login');\n// Verify Username textbox\ncy.get('[name=\"username\"]').should('have.css', 'border-color', 'rgb(235, 9, 16)');\ncy.get(':nth-child(2) > .oxd-input-group > .oxd-text').should('have.text', 'Required')\n    .and('have.css', 'color', 'rgb(235, 9, 16)')\n    .and('have.css', 'font-size', '12px');\n// Verify Password textbox\ncy.get('[name=\"password\"]').should('have.css', 'border-color', 'rgb(235, 9, 16)');\ncy.get(':nth-child(3) > .oxd-input-group > .oxd-text').should('have.text', 'Required')\n    .and('have.css', 'color', 'rgb(235, 9, 16)')\n    .and('have.css', 'font-size', '12px');",
              "err": {},
              "uuid": "2c94fa1a-abf8-4a9c-ab2a-35dec55ad71d",
              "parentUUID": "8f48f2c2-1b43-4c5a-a330-71574878e8c4",
              "isHook": false,
              "skipped": false
            },
            {
              "title": "Login Fail with Password are null",
              "fullTitle": "Test Suite - Authentication Login Fail with Password are null",
              "timedOut": null,
              "duration": 660,
              "state": "passed",
              "speed": "fast",
              "pass": true,
              "fail": false,
              "pending": false,
              "context": "{\n  \"title\": \"cypress-mochawesome-reporter-videos-passed\",\n  \"value\": \"cypress/e2e/OrangeHRM.cy.ts\"\n}",
              "code": "cy.visit('https://opensource-demo.orangehrmlive.com/web/index.php/auth/login');\ncy.get('[name=\"username\"]').type('Admin');\ncy.get('button[type=\"submit\"]').click();\ncy.url().should('include', '/login');\n// Verify Username textbox\ncy.get('[name=\"username\"]').should('have.css', 'border-color', 'rgb(232, 234, 239)');\ncy.get(':nth-child(2) > .oxd-input-group > .oxd-text').should('not.exist');\n// Veirify Password textbox\ncy.get('[name=\"password\"]').should('have.css', 'border-color', 'rgb(235, 9, 16)');\ncy.get(':nth-child(3) > .oxd-input-group > .oxd-text').should('have.text', 'Required')\n    .and('have.css', 'color', 'rgb(235, 9, 16)')\n    .and('have.css', 'font-size', '12px');",
              "err": {},
              "uuid": "c24a7ca8-bb04-4cfa-bac4-16887e10ce05",
              "parentUUID": "8f48f2c2-1b43-4c5a-a330-71574878e8c4",
              "isHook": false,
              "skipped": false
            },
            {
              "title": "Login Fail with Username are null",
              "fullTitle": "Test Suite - Authentication Login Fail with Username are null",
              "timedOut": null,
              "duration": 738,
              "state": "passed",
              "speed": "fast",
              "pass": true,
              "fail": false,
              "pending": false,
              "context": "{\n  \"title\": \"cypress-mochawesome-reporter-videos-passed\",\n  \"value\": \"cypress/e2e/OrangeHRM.cy.ts\"\n}",
              "code": "cy.visit('https://opensource-demo.orangehrmlive.com/web/index.php/auth/login');\ncy.get('[name=\"password\"]').type('admin123');\ncy.get('button[type=\"submit\"]').click();\ncy.url().should('include', '/login');\n// Verify Username textbox\ncy.get('[name=\"username\"]').should('have.css', 'border-color', 'rgb(235, 9, 16)');\ncy.get(':nth-child(2) > .oxd-input-group > .oxd-text').should('have.text', 'Required')\n    .and('have.css', 'color', 'rgb(235, 9, 16)')\n    .and('have.css', 'font-size', '12px');\n// Veirify Password textbox\ncy.get('[name=\"password\"]').should('have.css', 'border-color', 'rgb(232, 234, 239)');\ncy.get(':nth-child(3) > .oxd-input-group > .oxd-text').should('not.exist');",
              "err": {},
              "uuid": "5542dbfa-4a81-4caa-b6fa-e72faa46688b",
              "parentUUID": "8f48f2c2-1b43-4c5a-a330-71574878e8c4",
              "isHook": false,
              "skipped": false
            },
            {
              "title": "Login Fail with Username and Password are invalid ",
              "fullTitle": "Test Suite - Authentication Login Fail with Username and Password are invalid ",
              "timedOut": null,
              "duration": 1271,
              "state": "passed",
              "speed": "fast",
              "pass": true,
              "fail": false,
              "pending": false,
              "context": "{\n  \"title\": \"cypress-mochawesome-reporter-videos-passed\",\n  \"value\": \"cypress/e2e/OrangeHRM.cy.ts\"\n}",
              "code": "cy.visit('https://opensource-demo.orangehrmlive.com/web/index.php/auth/login');\ncy.get('[name=\"username\"]').type('abc');\ncy.get('[name=\"password\"]').type('abc123');\ncy.get('button[type=\"submit\"]').click();\ncy.url().should('include', '/login');\n// Verify error message\ncy.get('.oxd-alert-content-text').should('have.text', 'Invalid credentials')\n    .and('have.css', 'color', 'rgb(235, 9, 16)')\n    .and('have.css', 'font-size', '14px');",
              "err": {},
              "uuid": "151e68dd-cc4d-4a23-841f-c5c3b59833b8",
              "parentUUID": "8f48f2c2-1b43-4c5a-a330-71574878e8c4",
              "isHook": false,
              "skipped": false
            },
            {
              "title": "Login Success",
              "fullTitle": "Test Suite - Authentication Login Success",
              "timedOut": null,
              "duration": 2606,
              "state": "passed",
              "speed": "fast",
              "pass": true,
              "fail": false,
              "pending": false,
              "context": "{\n  \"title\": \"cypress-mochawesome-reporter-videos-passed\",\n  \"value\": \"cypress/e2e/OrangeHRM.cy.ts\"\n}",
              "code": "cy.visit('https://opensource-demo.orangehrmlive.com/web/index.php/auth/login');\ncy.get('[name=\"username\"]').type('Admin');\ncy.get('[name=\"password\"]').type('admin123');\ncy.get('button[type=\"submit\"]').click();\ncy.url().should('include', '/dashboard');\ncy.contains('PIM').click();\ncy.url().should('include', '/pim');\ncy.get(':nth-child(2) > .oxd-input').type('76803');\ncy.get('.oxd-form-actions > .oxd-button--secondary').click();",
              "err": {},
              "uuid": "e49e2f97-6bf6-4178-9249-77541241e7e0",
              "parentUUID": "8f48f2c2-1b43-4c5a-a330-71574878e8c4",
              "isHook": false,
              "skipped": false
            }
          ],
          "suites": [],
          "passes": [
            "513ac4c1-f80a-4d6a-8151-598de64137dc",
            "2c94fa1a-abf8-4a9c-ab2a-35dec55ad71d",
            "c24a7ca8-bb04-4cfa-bac4-16887e10ce05",
            "5542dbfa-4a81-4caa-b6fa-e72faa46688b",
            "151e68dd-cc4d-4a23-841f-c5c3b59833b8",
            "e49e2f97-6bf6-4178-9249-77541241e7e0"
          ],
          "failures": [],
          "pending": [],
          "skipped": [],
          "duration": 6850,
          "root": false,
          "rootEmpty": false,
          "_timeout": 2000
        }
      ],
      "passes": [],
      "failures": [],
      "pending": [],
      "skipped": [],
      "duration": 0,
      "root": true,
      "rootEmpty": true,
      "_timeout": 2000
    }
  ],
  "meta": {
    "mocha": {
      "version": "7.2.0"
    },
    "mochawesome": {
      "options": {
        "quiet": false,
        "reportFilename": "mochawesome",
        "saveHtml": false,
        "saveJson": true,
        "consoleReporter": "spec",
        "useInlineDiffs": false,
        "code": true
      },
      "version": "7.1.4"
    },
    "marge": {
      "options": {
        "reportDir": "cypress/reports/report_2025-10-25T05-09-01-927Z/.jsons",
        "overwrite": false,
        "html": false,
        "json": true,
        "embeddedScreenshots": true,
        "inlineAssets": true
      },
      "version": "6.3.0"
    }
  }
}