{
  "stats": {
    "suites": 1,
    "tests": 6,
    "passes": 5,
    "pending": 0,
    "failures": 1,
    "start": "2025-10-25T05:09:42.142Z",
    "end": "2025-10-25T05:09:50.695Z",
    "duration": 8553,
    "testsRegistered": 6,
    "passPercent": 83.33333333333334,
    "pendingPercent": 0,
    "other": 0,
    "hasOther": false,
    "skipped": 0,
    "hasSkipped": false
  },
  "results": [
    {
      "uuid": "5278f1af-8f74-45c5-979f-d9b6812a228c",
      "title": "",
      "fullFile": "cypress/e2e/login.cy.ts",
      "file": "cypress/e2e/login.cy.ts",
      "beforeHooks": [],
      "afterHooks": [],
      "tests": [],
      "suites": [
        {
          "uuid": "2d886224-be0a-4f71-b2ee-538e5c5f715f",
          "title": "Login test cases",
          "fullFile": "",
          "file": "",
          "beforeHooks": [],
          "afterHooks": [],
          "tests": [
            {
              "title": "Verify Login page",
              "fullTitle": "Login test cases Verify Login page",
              "timedOut": null,
              "duration": 4440,
              "state": "failed",
              "speed": null,
              "pass": false,
              "fail": true,
              "pending": false,
              "context": "[\n  {\n    \"title\": \"cypress-mochawesome-reporter-videos-failed\",\n    \"value\": \"cypress/e2e/login.cy.ts\"\n  },\n  {\n    \"title\": \"cypress-mochawesome-reporter-screenshots\",\n    \"value\": [\n      [\n        \"/login.cy.ts/Login test cases -- Verify Login page (failed).png\"\n      ]\n    ]\n  }\n]",
              "code": "// Verify Logo\nloginPage.verifyCompanyLogo();\n// Verify Login Text header\nloginPage.verifyLoginTextHeader('Login');\n// Verify Username label\nloginPage.verifyUsernameLabel('Username');\n// Verify Username textbox\nloginPage.verifyUsernameTextbox(false);\n// Verify Password label\nloginPage.verifyPasswordLabel('Password');\n// Verify Password textbox\nloginPage.verifyPasswordTextbox(false);\n// Verify Login button\nloginPage.verifyLoginButton(\"Login\");",
              "err": {
                "message": "AssertionError: Timed out retrying after 4000ms: expected '<input.oxd-input.oxd-input--focus>' to have CSS property 'border-color' with the value 'rgb(232, 234, 239)', but the value was 'rgb(146, 155, 170)'",
                "estack": "AssertionError: Timed out retrying after 4000ms: expected '<input.oxd-input.oxd-input--focus>' to have CSS property 'border-color' with the value 'rgb(232, 234, 239)', but the value was 'rgb(146, 155, 170)'\n    at LoginPage.verifyUsernameTextbox (webpack://project02_cypresswithtypescript/./cypress/pageObjects/login_page.ts:63:17)\n    at Context.eval (webpack://project02_cypresswithtypescript/./cypress/e2e/login.cy.ts:22:14)",
                "diff": "- 'rgb(146, 155, 170)'\n+ 'rgb(232, 234, 239)'\n"
              },
              "uuid": "e3632f56-6c17-4c4f-acf0-6df2924a7011",
              "parentUUID": "2d886224-be0a-4f71-b2ee-538e5c5f715f",
              "isHook": false,
              "skipped": false
            },
            {
              "title": "Login Fail with Username and Password are null",
              "fullTitle": "Login test cases Login Fail with Username and Password are null",
              "timedOut": null,
              "duration": 258,
              "state": "passed",
              "speed": "fast",
              "pass": true,
              "fail": false,
              "pending": false,
              "context": "{\n  \"title\": \"cypress-mochawesome-reporter-videos-passed\",\n  \"value\": \"cypress/e2e/login.cy.ts\"\n}",
              "code": "loginPage.clickLoginButton();\nloginPage.verifyLoginPage();\n// Verify Username textbox\nloginPage.verifyUsernameTextbox(true);\nloginPage.verifyInputErrorMessageOfUsername('Required', true);\n// Verify Password textbox\nloginPage.verifyPasswordTextbox(true);\nloginPage.verifyInputErrorMessageOfPassword('Required', true);",
              "err": {},
              "uuid": "eef6514b-2a9f-415a-9152-2d8c5bf07bc5",
              "parentUUID": "2d886224-be0a-4f71-b2ee-538e5c5f715f",
              "isHook": false,
              "skipped": false
            },
            {
              "title": "Login Fail with Password are null",
              "fullTitle": "Login test cases Login Fail with Password are null",
              "timedOut": null,
              "duration": 504,
              "state": "passed",
              "speed": "fast",
              "pass": true,
              "fail": false,
              "pending": false,
              "context": "{\n  \"title\": \"cypress-mochawesome-reporter-videos-passed\",\n  \"value\": \"cypress/e2e/login.cy.ts\"\n}",
              "code": "cy.fixture('users').then((users) => {\n    loginPage.enterUsername(users.admin.username);\n});\nloginPage.clickLoginButton();\nloginPage.verifyLoginPage();\n// Verify Username textbox\nloginPage.verifyUsernameTextbox(false);\n// cy.get(':nth-child(2) > .oxd-input-group > .oxd-text').should('not.exist')\nloginPage.verifyInputErrorMessageOfUsername('Required', false);\n// Veirify Password textbox\nloginPage.verifyPasswordTextbox(true);\nloginPage.verifyInputErrorMessageOfPassword('Required', true);",
              "err": {},
              "uuid": "8ce8544f-1e31-461f-aaa2-08d562cbaa63",
              "parentUUID": "2d886224-be0a-4f71-b2ee-538e5c5f715f",
              "isHook": false,
              "skipped": false
            },
            {
              "title": "Login Fail with Username are null",
              "fullTitle": "Login test cases Login Fail with Username are null",
              "timedOut": null,
              "duration": 539,
              "state": "passed",
              "speed": "fast",
              "pass": true,
              "fail": false,
              "pending": false,
              "context": "{\n  \"title\": \"cypress-mochawesome-reporter-videos-passed\",\n  \"value\": \"cypress/e2e/login.cy.ts\"\n}",
              "code": "cy.fixture('users').then((users) => {\n    loginPage.enterPassword(users.admin.password);\n});\nloginPage.clickLoginButton();\nloginPage.verifyLoginPage();\n// Verify Username textbox\nloginPage.verifyUsernameTextbox(true);\nloginPage.verifyInputErrorMessageOfUsername('Required', true);\n// Veirify Password textbox\nloginPage.verifyPasswordTextbox(false);\n// cy.get(':nth-child(3) > .oxd-input-group > .oxd-text').should('not.exist')\nloginPage.verifyInputErrorMessageOfPassword('Required', false);",
              "err": {},
              "uuid": "a64bba70-35b9-4cc5-84ff-46a2da45f4a3",
              "parentUUID": "2d886224-be0a-4f71-b2ee-538e5c5f715f",
              "isHook": false,
              "skipped": false
            },
            {
              "title": "Login Fail with Username and Password are invalid ",
              "fullTitle": "Login test cases Login Fail with Username and Password are invalid ",
              "timedOut": null,
              "duration": 871,
              "state": "passed",
              "speed": "fast",
              "pass": true,
              "fail": false,
              "pending": false,
              "context": "{\n  \"title\": \"cypress-mochawesome-reporter-videos-passed\",\n  \"value\": \"cypress/e2e/login.cy.ts\"\n}",
              "code": "loginPage.enterUsername('abc');\nloginPage.enterPassword('abc123');\nloginPage.clickLoginButton();\nloginPage.verifyLoginPage();\n// Verify error message\nloginPage.verifyInvalidCredentialsMessage();",
              "err": {},
              "uuid": "f9860c97-8253-4180-a50b-8ab3a3dde26a",
              "parentUUID": "2d886224-be0a-4f71-b2ee-538e5c5f715f",
              "isHook": false,
              "skipped": false
            },
            {
              "title": "Login Success",
              "fullTitle": "Login test cases Login Success",
              "timedOut": null,
              "duration": 1239,
              "state": "passed",
              "speed": "fast",
              "pass": true,
              "fail": false,
              "pending": false,
              "context": "{\n  \"title\": \"cypress-mochawesome-reporter-videos-passed\",\n  \"value\": \"cypress/e2e/login.cy.ts\"\n}",
              "code": "cy.fixture('users').then((users) => {\n    loginPage.enterUsername(users.admin.username);\n    loginPage.enterPassword(users.admin.password);\n});\nloginPage.clickLoginButton();\ncy.url().should('include', '/dashboard');",
              "err": {},
              "uuid": "707c2f3d-51a4-42f4-a2a2-c2b98d321d83",
              "parentUUID": "2d886224-be0a-4f71-b2ee-538e5c5f715f",
              "isHook": false,
              "skipped": false
            }
          ],
          "suites": [],
          "passes": [
            "eef6514b-2a9f-415a-9152-2d8c5bf07bc5",
            "8ce8544f-1e31-461f-aaa2-08d562cbaa63",
            "a64bba70-35b9-4cc5-84ff-46a2da45f4a3",
            "f9860c97-8253-4180-a50b-8ab3a3dde26a",
            "707c2f3d-51a4-42f4-a2a2-c2b98d321d83"
          ],
          "failures": [
            "e3632f56-6c17-4c4f-acf0-6df2924a7011"
          ],
          "pending": [],
          "skipped": [],
          "duration": 7851,
          "root": false,
          "rootEmpty": false,
          "_timeout": 2000
        }
      ],
      "passes": [],
      "failures": [],
      "pending": [],
      "skipped": [],
      "duration": 0,
      "root": true,
      "rootEmpty": true,
      "_timeout": 2000
    }
  ],
  "meta": {
    "mocha": {
      "version": "7.2.0"
    },
    "mochawesome": {
      "options": {
        "quiet": false,
        "reportFilename": "mochawesome",
        "saveHtml": false,
        "saveJson": true,
        "consoleReporter": "spec",
        "useInlineDiffs": false,
        "code": true
      },
      "version": "7.1.4"
    },
    "marge": {
      "options": {
        "reportDir": "cypress/reports/report_2025-10-25T05-09-01-927Z/.jsons",
        "overwrite": false,
        "html": false,
        "json": true,
        "embeddedScreenshots": true,
        "inlineAssets": true
      },
      "version": "6.3.0"
    }
  }
}